<?xml version="1.0" encoding="UTF-8"?>
<!-- Generated by org.testng.reporters.JUnitXMLReporter -->
<testsuite ignored="0" hostname="EPINHYDW075E" failures="7" tests="41" name="Surefire test" time="476.216" errors="0" timestamp="2021-05-15T16:43:11 IST">
  <testcase classname="com.epam.programsPortal.testScripts.api.APITest" name="addCollege" time="4.183">
    <failure type="com.fasterxml.jackson.databind.exc.UnrecognizedPropertyException" message="Unrecognized field &amp;quot;timestamp&amp;quot; (class com.epam.programsPortal.api.pojos.College), not marked as ignorable (7 known properties: &amp;quot;ptoEmail&amp;quot;, &amp;quot;collegeId&amp;quot;, &amp;quot;ptoPhno&amp;quot;, &amp;quot;ptoName&amp;quot;, &amp;quot;collegeGroup&amp;quot;, &amp;quot;collegeName&amp;quot;, &amp;quot;collegeCity&amp;quot;])
 at [Source: (String)&amp;quot;{&amp;quot;timestamp&amp;quot;:&amp;quot;2021-05-15 16:35&amp;quot;,&amp;quot;status&amp;quot;:400,&amp;quot;error&amp;quot;:&amp;quot;Bad Request&amp;quot;,&amp;quot;message&amp;quot;:&amp;quot;Required request body is missing: public org.springframework.http.ResponseEntity&amp;lt;com.epam.rd.programs.model.CollegeModel&amp;gt; com.epam.rd.programs.controller.CollegeController.addCollege(com.epam.rd.programs.model.CollegeModel) throws com.epam.rd.programs.exceptions.InvalidDataPassedException&amp;quot;,&amp;quot;path&amp;quot;:&amp;quot;/programs/colleges&amp;quot;}&amp;quot;; line: 1, column: 15] (through reference chain: com.epam.programsPortal.api.pojos.College[&amp;quot;timestamp&amp;quot;])">
      <![CDATA[com.fasterxml.jackson.databind.exc.UnrecognizedPropertyException: Unrecognized field "timestamp" (class com.epam.programsPortal.api.pojos.College), not marked as ignorable (7 known properties: "ptoEmail", "collegeId", "ptoPhno", "ptoName", "collegeGroup", "collegeName", "collegeCity"])
 at [Source: (String)"{"timestamp":"2021-05-15 16:35","status":400,"error":"Bad Request","message":"Required request body is missing: public org.springframework.http.ResponseEntity<com.epam.rd.programs.model.CollegeModel> com.epam.rd.programs.controller.CollegeController.addCollege(com.epam.rd.programs.model.CollegeModel) throws com.epam.rd.programs.exceptions.InvalidDataPassedException","path":"/programs/colleges"}"; line: 1, column: 15] (through reference chain: com.epam.programsPortal.api.pojos.College["timestamp"])
at com.fasterxml.jackson.databind.exc.UnrecognizedPropertyException.from(UnrecognizedPropertyException.java:61)
at com.fasterxml.jackson.databind.DeserializationContext.handleUnknownProperty(DeserializationContext.java:823)
at com.fasterxml.jackson.databind.deser.std.StdDeserializer.handleUnknownProperty(StdDeserializer.java:1153)
at com.fasterxml.jackson.databind.deser.BeanDeserializerBase.handleUnknownProperty(BeanDeserializerBase.java:1589)
at com.fasterxml.jackson.databind.deser.BeanDeserializerBase.handleUnknownVanilla(BeanDeserializerBase.java:1567)
at com.fasterxml.jackson.databind.deser.BeanDeserializer.vanillaDeserialize(BeanDeserializer.java:294)
at com.fasterxml.jackson.databind.deser.BeanDeserializer.deserialize(BeanDeserializer.java:151)
at com.fasterxml.jackson.databind.ObjectMapper._readMapAndClose(ObjectMapper.java:4013)
at com.fasterxml.jackson.databind.ObjectMapper.readValue(ObjectMapper.java:3042)
at com.fasterxml.jackson.databind.ObjectMapper$readValue$0.call(Unknown Source)
at org.codehaus.groovy.runtime.callsite.CallSiteArray.defaultCall(CallSiteArray.java:47)
at org.codehaus.groovy.runtime.callsite.AbstractCallSite.call(AbstractCallSite.java:125)
at org.codehaus.groovy.runtime.callsite.AbstractCallSite.call(AbstractCallSite.java:148)
at io.restassured.internal.path.json.mapping.JsonPathJackson2ObjectDeserializer.deserialize(JsonPathJackson2ObjectDeserializer.groovy:46)
at io.restassured.path.json.mapping.JsonPathObjectDeserializer$deserialize.call(Unknown Source)
at org.codehaus.groovy.runtime.callsite.CallSiteArray.defaultCall(CallSiteArray.java:47)
at org.codehaus.groovy.runtime.callsite.AbstractCallSite.call(AbstractCallSite.java:125)
at org.codehaus.groovy.runtime.callsite.AbstractCallSite.call(AbstractCallSite.java:139)
at io.restassured.internal.mapping.Jackson2Mapper.deserialize(Jackson2Mapper.groovy:58)
at io.restassured.mapper.ObjectMapper$deserialize.call(Unknown Source)
at org.codehaus.groovy.runtime.callsite.CallSiteArray.defaultCall(CallSiteArray.java:47)
at org.codehaus.groovy.runtime.callsite.AbstractCallSite.call(AbstractCallSite.java:125)
at org.codehaus.groovy.runtime.callsite.AbstractCallSite.call(AbstractCallSite.java:139)
at io.restassured.internal.mapping.ObjectMapping.parseWithJackson2(ObjectMapping.groovy:238)
at io.restassured.internal.mapping.ObjectMapping$parseWithJackson2$0.callStatic(Unknown Source)
at org.codehaus.groovy.runtime.callsite.CallSiteArray.defaultCallStatic(CallSiteArray.java:55)
at org.codehaus.groovy.runtime.callsite.AbstractCallSite.callStatic(AbstractCallSite.java:217)
at org.codehaus.groovy.runtime.callsite.AbstractCallSite.callStatic(AbstractCallSite.java:240)
at io.restassured.internal.mapping.ObjectMapping.deserialize(ObjectMapping.groovy:59)
at io.restassured.internal.mapping.ObjectMapping$deserialize.call(Unknown Source)
at org.codehaus.groovy.runtime.callsite.CallSiteArray.defaultCall(CallSiteArray.java:47)
at org.codehaus.groovy.runtime.callsite.AbstractCallSite.call(AbstractCallSite.java:125)
at io.restassured.internal.RestAssuredResponseOptionsGroovyImpl.as(RestAssuredResponseOptionsGroovyImpl.groovy:231)
at io.restassured.internal.RestAssuredResponseOptionsImpl.as(RestAssuredResponseOptionsImpl.java:169)
at com.epam.programsPortal.testScripts.api.APITest.addCollege(APITest.java:34)
at java.base/java.util.ArrayList.forEach(ArrayList.java:1511)
... Removed 32 stack frames]]>
    </failure>
  </testcase> <!-- addCollege -->
  <testcase classname="com.epam.programsPortal.testScripts.api.APITest" name="addCollege" time="0.178">
    <failure type="com.fasterxml.jackson.databind.exc.UnrecognizedPropertyException" message="Unrecognized field &amp;quot;timestamp&amp;quot; (class com.epam.programsPortal.api.pojos.College), not marked as ignorable (7 known properties: &amp;quot;ptoEmail&amp;quot;, &amp;quot;collegeId&amp;quot;, &amp;quot;ptoPhno&amp;quot;, &amp;quot;ptoName&amp;quot;, &amp;quot;collegeGroup&amp;quot;, &amp;quot;collegeName&amp;quot;, &amp;quot;collegeCity&amp;quot;])
 at [Source: (String)&amp;quot;{&amp;quot;timestamp&amp;quot;:&amp;quot;2021-05-15 16:35&amp;quot;,&amp;quot;status&amp;quot;:400,&amp;quot;error&amp;quot;:&amp;quot;Bad Request&amp;quot;,&amp;quot;message&amp;quot;:&amp;quot;Required request body is missing: public org.springframework.http.ResponseEntity&amp;lt;com.epam.rd.programs.model.CollegeModel&amp;gt; com.epam.rd.programs.controller.CollegeController.addCollege(com.epam.rd.programs.model.CollegeModel) throws com.epam.rd.programs.exceptions.InvalidDataPassedException&amp;quot;,&amp;quot;path&amp;quot;:&amp;quot;/programs/colleges&amp;quot;}&amp;quot;; line: 1, column: 15] (through reference chain: com.epam.programsPortal.api.pojos.College[&amp;quot;timestamp&amp;quot;])">
      <![CDATA[com.fasterxml.jackson.databind.exc.UnrecognizedPropertyException: Unrecognized field "timestamp" (class com.epam.programsPortal.api.pojos.College), not marked as ignorable (7 known properties: "ptoEmail", "collegeId", "ptoPhno", "ptoName", "collegeGroup", "collegeName", "collegeCity"])
 at [Source: (String)"{"timestamp":"2021-05-15 16:35","status":400,"error":"Bad Request","message":"Required request body is missing: public org.springframework.http.ResponseEntity<com.epam.rd.programs.model.CollegeModel> com.epam.rd.programs.controller.CollegeController.addCollege(com.epam.rd.programs.model.CollegeModel) throws com.epam.rd.programs.exceptions.InvalidDataPassedException","path":"/programs/colleges"}"; line: 1, column: 15] (through reference chain: com.epam.programsPortal.api.pojos.College["timestamp"])
at com.fasterxml.jackson.databind.exc.UnrecognizedPropertyException.from(UnrecognizedPropertyException.java:61)
at com.fasterxml.jackson.databind.DeserializationContext.handleUnknownProperty(DeserializationContext.java:823)
at com.fasterxml.jackson.databind.deser.std.StdDeserializer.handleUnknownProperty(StdDeserializer.java:1153)
at com.fasterxml.jackson.databind.deser.BeanDeserializerBase.handleUnknownProperty(BeanDeserializerBase.java:1589)
at com.fasterxml.jackson.databind.deser.BeanDeserializerBase.handleUnknownVanilla(BeanDeserializerBase.java:1567)
at com.fasterxml.jackson.databind.deser.BeanDeserializer.vanillaDeserialize(BeanDeserializer.java:294)
at com.fasterxml.jackson.databind.deser.BeanDeserializer.deserialize(BeanDeserializer.java:151)
at com.fasterxml.jackson.databind.ObjectMapper._readMapAndClose(ObjectMapper.java:4013)
at com.fasterxml.jackson.databind.ObjectMapper.readValue(ObjectMapper.java:3042)
at com.fasterxml.jackson.databind.ObjectMapper$readValue$0.call(Unknown Source)
at io.restassured.internal.path.json.mapping.JsonPathJackson2ObjectDeserializer.deserialize(JsonPathJackson2ObjectDeserializer.groovy:46)
at io.restassured.path.json.mapping.JsonPathObjectDeserializer$deserialize.call(Unknown Source)
at io.restassured.internal.mapping.Jackson2Mapper.deserialize(Jackson2Mapper.groovy:58)
at io.restassured.mapper.ObjectMapper$deserialize.call(Unknown Source)
at io.restassured.internal.mapping.ObjectMapping.parseWithJackson2(ObjectMapping.groovy:238)
at io.restassured.internal.mapping.ObjectMapping$parseWithJackson2$0.callStatic(Unknown Source)
at io.restassured.internal.mapping.ObjectMapping.deserialize(ObjectMapping.groovy:59)
at io.restassured.internal.mapping.ObjectMapping$deserialize.call(Unknown Source)
at io.restassured.internal.RestAssuredResponseOptionsGroovyImpl.as(RestAssuredResponseOptionsGroovyImpl.groovy:231)
at io.restassured.internal.RestAssuredResponseOptionsImpl.as(RestAssuredResponseOptionsImpl.java:169)
at com.epam.programsPortal.testScripts.api.APITest.addCollege(APITest.java:34)
at java.base/java.util.ArrayList.forEach(ArrayList.java:1511)
... Removed 32 stack frames]]>
    </failure>
  </testcase> <!-- addCollege -->
  <testcase classname="com.epam.programsPortal.testScripts.api.APITest" name="api_demo" time="4.179">
    <failure type="java.net.ConnectException" message="Connection refused: connect">
      <![CDATA[java.net.ConnectException: Connection refused: connect
at java.base/sun.nio.ch.Net.connect0(Native Method)
at java.base/sun.nio.ch.Net.connect(Net.java:574)
at java.base/sun.nio.ch.Net.connect(Net.java:563)
at java.base/sun.nio.ch.NioSocketImpl.connect(NioSocketImpl.java:588)
at java.base/java.net.SocksSocketImpl.connect(SocksSocketImpl.java:333)
at java.base/java.net.Socket.connect(Socket.java:648)
at org.apache.http.conn.scheme.PlainSocketFactory.connectSocket(PlainSocketFactory.java:121)
at org.apache.http.impl.conn.DefaultClientConnectionOperator.openConnection(DefaultClientConnectionOperator.java:180)
at org.apache.http.impl.conn.ManagedClientConnectionImpl.open(ManagedClientConnectionImpl.java:326)
at org.apache.http.impl.client.DefaultRequestDirector.tryConnect(DefaultRequestDirector.java:610)
at org.apache.http.impl.client.DefaultRequestDirector.execute(DefaultRequestDirector.java:445)
at org.apache.http.impl.client.AbstractHttpClient.doExecute(AbstractHttpClient.java:835)
at org.apache.http.impl.client.CloseableHttpClient.execute(CloseableHttpClient.java:83)
at org.apache.http.impl.client.CloseableHttpClient.execute(CloseableHttpClient.java:56)
at org.apache.http.client.HttpClient$execute$0.call(Unknown Source)
at org.codehaus.groovy.runtime.callsite.CallSiteArray.defaultCall(CallSiteArray.java:47)
at org.apache.http.client.HttpClient$execute$0.call(Unknown Source)
at io.restassured.internal.RequestSpecificationImpl$RestAssuredHttpBuilder.doRequest(RequestSpecificationImpl.groovy:2055)
at io.restassured.internal.http.HTTPBuilder.doRequest(HTTPBuilder.java:495)
at io.restassured.internal.http.HTTPBuilder.request(HTTPBuilder.java:452)
at io.restassured.internal.http.HTTPBuilder$request$3.call(Unknown Source)
at org.codehaus.groovy.runtime.callsite.CallSiteArray.defaultCall(CallSiteArray.java:47)
at org.codehaus.groovy.runtime.callsite.AbstractCallSite.call(AbstractCallSite.java:125)
at org.codehaus.groovy.runtime.callsite.AbstractCallSite.call(AbstractCallSite.java:166)
at io.restassured.internal.RequestSpecificationImpl.sendHttpRequest(RequestSpecificationImpl.groovy:1451)
at groovy.lang.MetaMethod.doMethodInvoke(MetaMethod.java:323)
at groovy.lang.MetaClassImpl.invokeMethod(MetaClassImpl.java:1268)
at groovy.lang.MetaClassImpl.invokeMethod(MetaClassImpl.java:1035)
at groovy.lang.MetaClassImpl.invokeMethod(MetaClassImpl.java:819)
at groovy.lang.GroovyObject.invokeMethod(GroovyObject.java:39)
at org.codehaus.groovy.runtime.callsite.PogoInterceptableSite.call(PogoInterceptableSite.java:45)
at org.codehaus.groovy.runtime.callsite.PogoInterceptableSite.callCurrent(PogoInterceptableSite.java:55)
at org.codehaus.groovy.runtime.callsite.CallSiteArray.defaultCallCurrent(CallSiteArray.java:51)
at org.codehaus.groovy.runtime.callsite.AbstractCallSite.callCurrent(AbstractCallSite.java:171)
at io.restassured.internal.RequestSpecificationImpl.sendRequest(RequestSpecificationImpl.groovy:1200)
at groovy.lang.MetaMethod.doMethodInvoke(MetaMethod.java:323)
at groovy.lang.MetaClassImpl.invokeMethod(MetaClassImpl.java:1268)
at groovy.lang.MetaClassImpl.invokeMethod(MetaClassImpl.java:1035)
at groovy.lang.MetaClassImpl.invokeMethod(MetaClassImpl.java:819)
at groovy.lang.GroovyObject.invokeMethod(GroovyObject.java:39)
at org.codehaus.groovy.runtime.callsite.PogoInterceptableSite.call(PogoInterceptableSite.java:45)
at org.codehaus.groovy.runtime.callsite.AbstractCallSite.call(AbstractCallSite.java:166)
at io.restassured.internal.filter.SendRequestFilter.filter(SendRequestFilter.groovy:30)
at io.restassured.filter.Filter$filter$0.call(Unknown Source)
at org.codehaus.groovy.runtime.callsite.CallSiteArray.defaultCall(CallSiteArray.java:47)
at io.restassured.filter.Filter$filter.call(Unknown Source)
at io.restassured.internal.filter.FilterContextImpl.next(FilterContextImpl.groovy:72)
at io.restassured.filter.time.TimingFilter.filter(TimingFilter.java:56)
at io.restassured.filter.Filter$filter.call(Unknown Source)
at org.codehaus.groovy.runtime.callsite.CallSiteArray.defaultCall(CallSiteArray.java:47)
at io.restassured.filter.Filter$filter$0.call(Unknown Source)
at io.restassured.internal.filter.FilterContextImpl.next(FilterContextImpl.groovy:72)
at io.restassured.filter.FilterContext$next.call(Unknown Source)
at io.restassured.internal.RequestSpecificationImpl.applyPathParamsAndSendRequest(RequestSpecificationImpl.groovy:1655)
at groovy.lang.MetaMethod.doMethodInvoke(MetaMethod.java:323)
at groovy.lang.MetaClassImpl.invokeMethod(MetaClassImpl.java:1268)
at groovy.lang.MetaClassImpl.invokeMethod(MetaClassImpl.java:1035)
at groovy.lang.MetaClassImpl.invokeMethod(MetaClassImpl.java:819)
at groovy.lang.GroovyObject.invokeMethod(GroovyObject.java:39)
at org.codehaus.groovy.runtime.callsite.PogoInterceptableSite.call(PogoInterceptableSite.java:45)
at org.codehaus.groovy.runtime.callsite.PogoInterceptableSite.callCurrent(PogoInterceptableSite.java:55)
at org.codehaus.groovy.runtime.callsite.AbstractCallSite.callCurrent(AbstractCallSite.java:203)
at io.restassured.internal.RequestSpecificationImpl.applyPathParamsAndSendRequest(RequestSpecificationImpl.groovy:1661)
at groovy.lang.MetaMethod.doMethodInvoke(MetaMethod.java:323)
at groovy.lang.MetaClassImpl.invokeMethod(MetaClassImpl.java:1268)
at groovy.lang.MetaClassImpl.invokeMethod(MetaClassImpl.java:1035)
at groovy.lang.MetaClassImpl.invokeMethod(MetaClassImpl.java:819)
at groovy.lang.GroovyObject.invokeMethod(GroovyObject.java:39)
at org.codehaus.groovy.runtime.callsite.PogoInterceptableSite.call(PogoInterceptableSite.java:45)
at org.codehaus.groovy.runtime.callsite.PogoInterceptableSite.callCurrent(PogoInterceptableSite.java:55)
at org.codehaus.groovy.runtime.callsite.CallSiteArray.defaultCallCurrent(CallSiteArray.java:51)
at org.codehaus.groovy.runtime.callsite.AbstractCallSite.callCurrent(AbstractCallSite.java:171)
at org.codehaus.groovy.runtime.callsite.AbstractCallSite.callCurrent(AbstractCallSite.java:203)
at io.restassured.internal.RequestSpecificationImpl.get(RequestSpecificationImpl.groovy:171)
at io.restassured.internal.RequestSpecificationImpl.get(RequestSpecificationImpl.groovy)
at io.restassured.RestAssured.get(RestAssured.java:720)
at com.epam.programsPortal.testScripts.api.APITest.api_demo(APITest.java:40)
at java.base/java.util.ArrayList.forEach(ArrayList.java:1511)
... Removed 52 stack frames]]>
    </failure>
  </testcase> <!-- api_demo -->
  <testcase classname="com.epam.programsPortal.testScripts.web.regression.AddCTest" name="addCollege" time="4.454"/>
  <testcase classname="com.epam.programsPortal.testScripts.web.regression.AddCTest" name="addCollege" time="3.749"/>
  <testcase classname="com.epam.programsPortal.testScripts.web.regression.AddCTest" name="addCollege" time="2.633"/>
  <testcase classname="com.epam.programsPortal.testScripts.web.regression.CollegesPageTest" name="openCollegesPageTest" time="2.132"/>
  <testcase classname="com.epam.programsPortal.testScripts.web.regression.CollegesPageTest" name="openAddCollegePageTest" time="0.428">
    <failure type="org.openqa.selenium.ElementNotInteractableException" message="element not interactable
  (Session info: chrome=90.0.4430.212)
Build info: version: &amp;apos;3.141.59&amp;apos;, revision: &amp;apos;e82be7d358&amp;apos;, time: &amp;apos;2018-11-14T08:17:03&amp;apos;
System info: host: &amp;apos;EPINHYDW075E&amp;apos;, ip: &amp;apos;100.64.65.196&amp;apos;, os.name: &amp;apos;Windows 10&amp;apos;, os.arch: &amp;apos;amd64&amp;apos;, os.version: &amp;apos;10.0&amp;apos;, java.version: &amp;apos;15.0.2&amp;apos;
Driver info: org.openqa.selenium.chrome.ChromeDriver
Capabilities {acceptInsecureCerts: false, browserName: chrome, browserVersion: 90.0.4430.212, chrome: {chromedriverVersion: 89.0.4389.23 (61b08ee2c5002..., userDataDir: C:\Users\LEELAK~1\AppData\L...}, goog:chromeOptions: {debuggerAddress: localhost:53397}, javascriptEnabled: true, networkConnectionEnabled: false, pageLoadStrategy: normal, platform: WINDOWS, platformName: WINDOWS, proxy: Proxy(), setWindowRect: true, strictFileInteractability: false, timeouts: {implicit: 0, pageLoad: 300000, script: 30000}, unhandledPromptBehavior: dismiss and notify, webauthn:extension:largeBlob: true, webauthn:virtualAuthenticators: true}
Session ID: 91d32f7df061055baefe58193324b0f6">
      <![CDATA[org.openqa.selenium.ElementNotInteractableException: element not interactable
  (Session info: chrome=90.0.4430.212)
Build info: version: '3.141.59', revision: 'e82be7d358', time: '2018-11-14T08:17:03'
System info: host: 'EPINHYDW075E', ip: '100.64.65.196', os.name: 'Windows 10', os.arch: 'amd64', os.version: '10.0', java.version: '15.0.2'
Driver info: org.openqa.selenium.chrome.ChromeDriver
Capabilities {acceptInsecureCerts: false, browserName: chrome, browserVersion: 90.0.4430.212, chrome: {chromedriverVersion: 89.0.4389.23 (61b08ee2c5002..., userDataDir: C:\Users\LEELAK~1\AppData\L...}, goog:chromeOptions: {debuggerAddress: localhost:53397}, javascriptEnabled: true, networkConnectionEnabled: false, pageLoadStrategy: normal, platform: WINDOWS, platformName: WINDOWS, proxy: Proxy(), setWindowRect: true, strictFileInteractability: false, timeouts: {implicit: 0, pageLoad: 300000, script: 30000}, unhandledPromptBehavior: dismiss and notify, webauthn:extension:largeBlob: true, webauthn:virtualAuthenticators: true}
Session ID: 91d32f7df061055baefe58193324b0f6
at org.openqa.selenium.remote.http.W3CHttpResponseCodec.createException(W3CHttpResponseCodec.java:187)
at org.openqa.selenium.remote.http.W3CHttpResponseCodec.decode(W3CHttpResponseCodec.java:122)
at org.openqa.selenium.remote.http.W3CHttpResponseCodec.decode(W3CHttpResponseCodec.java:49)
at org.openqa.selenium.remote.HttpCommandExecutor.execute(HttpCommandExecutor.java:158)
at org.openqa.selenium.remote.service.DriverCommandExecutor.execute(DriverCommandExecutor.java:83)
at org.openqa.selenium.remote.RemoteWebDriver.execute(RemoteWebDriver.java:552)
at org.openqa.selenium.remote.RemoteWebElement.execute(RemoteWebElement.java:285)
at org.openqa.selenium.remote.RemoteWebElement.click(RemoteWebElement.java:84)
at org.openqa.selenium.support.pagefactory.internal.LocatingElementHandler.invoke(LocatingElementHandler.java:51)
at com.sun.proxy.$Proxy12.click(Unknown Source)
at com.epam.framework.utils.Utilities.waitForElementToBeVisibleAndClick(Utilities.java:38)
at com.epam.programsPortal.web.pages.HomePage.openCollegesPage(HomePage.java:60)
at com.epam.programsPortal.testScripts.web.regression.CollegesPageTest.openAddCollegePageTest(CollegesPageTest.java:33)
at java.base/java.util.ArrayList.forEach(ArrayList.java:1511)
... Removed 41 stack frames]]>
    </failure>
  </testcase> <!-- openAddCollegePageTest -->
  <testcase classname="com.epam.programsPortal.testScripts.web.regression.HomePageTest" name="checkIsHomePageOpened" time="0.69"/>
  <testcase classname="com.epam.programsPortal.testScripts.web.regression.HomePageTest" name="openburgerMenuTest" time="0.74"/>
  <testcase classname="com.epam.programsPortal.testScripts.web.regression.HomePageTest" name="openMasterDataManagementTest" time="0.905"/>
  <testcase classname="com.epam.programsPortal.testScripts.web.regression.SignInTest" name="openSignInPageTest" time="0.145"/>
  <testcase classname="com.epam.programsPortal.testScripts.web.regression.SignInTest" name="signInTest" time="2.18"/>
  <testcase classname="com.epam.programsPortal.testScripts.web.regression.SignInTest" name="signInTest" time="2.053"/>
  <testcase classname="com.epam.programsPortal.testScripts.web.regression.SignInTest" name="signInTest" time="1.944"/>
  <testcase classname="com.epam.programsPortal.testScripts.web.regression.SignUpTest" name="openSignUpPageTest" time="0.147"/>
  <testcase classname="com.epam.programsPortal.testScripts.web.regression.SignUpTest" name="signUpTest" time="2.916"/>
  <testcase classname="com.epam.programsPortal.testScripts.web.regression.SignUpTest" name="signUpTest" time="1.414"/>
  <testcase classname="com.epam.programsPortal.testScripts.web.regression.SignUpTest" name="signUpTest" time="1.132"/>
  <testcase classname="com.epam.programsPortal.testScripts.web.regression.SpeakersPageTest" name="SearchSpeakers" time="0.423"/>
  <testcase classname="com.epam.programsPortal.testScripts.web.regression.SpeakersPageTest" name="SearchSpeakers" time="0.229"/>
  <testcase classname="com.epam.programsPortal.testScripts.web.regression.SpeakersPageTest" name="SearchSpeakers" time="0.175"/>
  <testcase classname="com.epam.programsPortal.testScripts.web.regression.SpeakersPageTest" name="addSpeakers" time="3.117"/>
  <testcase classname="com.epam.programsPortal.testScripts.web.regression.SpeakersPageTest" name="addSpeakers" time="2.655"/>
  <testcase classname="com.epam.programsPortal.testScripts.web.regression.SpeakersPageTest" name="addSpeakers" time="3.24"/>
  <testcase classname="com.epam.programsPortal.testScripts.web.regression.SpeakersPageTest" name="editSpeaker" time="1.871">
    <failure type="java.lang.NullPointerException" message="Cannot read field &amp;quot;speakerName&amp;quot; because &amp;quot;speaker&amp;quot; is null">
      <![CDATA[java.lang.NullPointerException: Cannot read field "speakerName" because "speaker" is null
at com.epam.programsPortal.api.pojos.Speaker.equals(Speaker.java:86)
at com.epam.programsPortal.testScripts.web.regression.SpeakersPageTest.editSpeaker(SpeakersPageTest.java:47)
at java.base/java.util.ArrayList.forEach(ArrayList.java:1511)
... Removed 32 stack frames]]>
    </failure>
  </testcase> <!-- editSpeaker -->
  <testcase classname="com.epam.programsPortal.testScripts.web.regression.SpeakersPageTest" name="editSpeaker" time="0.321">
    <failure type="org.openqa.selenium.ElementNotInteractableException" message="element not interactable
  (Session info: chrome=90.0.4430.212)
Build info: version: &amp;apos;3.141.59&amp;apos;, revision: &amp;apos;e82be7d358&amp;apos;, time: &amp;apos;2018-11-14T08:17:03&amp;apos;
System info: host: &amp;apos;EPINHYDW075E&amp;apos;, ip: &amp;apos;100.64.65.196&amp;apos;, os.name: &amp;apos;Windows 10&amp;apos;, os.arch: &amp;apos;amd64&amp;apos;, os.version: &amp;apos;10.0&amp;apos;, java.version: &amp;apos;15.0.2&amp;apos;
Driver info: org.openqa.selenium.chrome.ChromeDriver
Capabilities {acceptInsecureCerts: false, browserName: chrome, browserVersion: 90.0.4430.212, chrome: {chromedriverVersion: 89.0.4389.23 (61b08ee2c5002..., userDataDir: C:\Users\LEELAK~1\AppData\L...}, goog:chromeOptions: {debuggerAddress: localhost:53637}, javascriptEnabled: true, networkConnectionEnabled: false, pageLoadStrategy: normal, platform: WINDOWS, platformName: WINDOWS, proxy: Proxy(), setWindowRect: true, strictFileInteractability: false, timeouts: {implicit: 0, pageLoad: 300000, script: 30000}, unhandledPromptBehavior: dismiss and notify, webauthn:extension:largeBlob: true, webauthn:virtualAuthenticators: true}
Session ID: 484dc09fb3b7ab949e9800966c11a208">
      <![CDATA[org.openqa.selenium.ElementNotInteractableException: element not interactable
  (Session info: chrome=90.0.4430.212)
Build info: version: '3.141.59', revision: 'e82be7d358', time: '2018-11-14T08:17:03'
System info: host: 'EPINHYDW075E', ip: '100.64.65.196', os.name: 'Windows 10', os.arch: 'amd64', os.version: '10.0', java.version: '15.0.2'
Driver info: org.openqa.selenium.chrome.ChromeDriver
Capabilities {acceptInsecureCerts: false, browserName: chrome, browserVersion: 90.0.4430.212, chrome: {chromedriverVersion: 89.0.4389.23 (61b08ee2c5002..., userDataDir: C:\Users\LEELAK~1\AppData\L...}, goog:chromeOptions: {debuggerAddress: localhost:53637}, javascriptEnabled: true, networkConnectionEnabled: false, pageLoadStrategy: normal, platform: WINDOWS, platformName: WINDOWS, proxy: Proxy(), setWindowRect: true, strictFileInteractability: false, timeouts: {implicit: 0, pageLoad: 300000, script: 30000}, unhandledPromptBehavior: dismiss and notify, webauthn:extension:largeBlob: true, webauthn:virtualAuthenticators: true}
Session ID: 484dc09fb3b7ab949e9800966c11a208
at org.openqa.selenium.remote.http.W3CHttpResponseCodec.createException(W3CHttpResponseCodec.java:187)
at org.openqa.selenium.remote.http.W3CHttpResponseCodec.decode(W3CHttpResponseCodec.java:122)
at org.openqa.selenium.remote.http.W3CHttpResponseCodec.decode(W3CHttpResponseCodec.java:49)
at org.openqa.selenium.remote.HttpCommandExecutor.execute(HttpCommandExecutor.java:158)
at org.openqa.selenium.remote.service.DriverCommandExecutor.execute(DriverCommandExecutor.java:83)
at org.openqa.selenium.remote.RemoteWebDriver.execute(RemoteWebDriver.java:552)
at org.openqa.selenium.remote.RemoteWebElement.execute(RemoteWebElement.java:285)
at org.openqa.selenium.remote.RemoteWebElement.sendKeys(RemoteWebElement.java:106)
at org.openqa.selenium.support.pagefactory.internal.LocatingElementHandler.invoke(LocatingElementHandler.java:51)
at com.sun.proxy.$Proxy12.sendKeys(Unknown Source)
at com.epam.framework.utils.Utilities.WaitForElementToBeVisibleAndSendKeys(Utilities.java:34)
at com.epam.programsPortal.web.pages.SpeakersPage.searchSpeaker(SpeakersPage.java:59)
at com.epam.programsPortal.testScripts.web.regression.SpeakersPageTest.editSpeaker(SpeakersPageTest.java:41)
at java.base/java.util.ArrayList.forEach(ArrayList.java:1511)
... Removed 40 stack frames]]>
    </failure>
  </testcase> <!-- editSpeaker -->
  <testcase classname="com.epam.programsPortal.testScripts.web.regression.SpeakersPageTest" name="editSpeaker" time="0.268">
    <failure type="org.openqa.selenium.ElementNotInteractableException" message="element not interactable
  (Session info: chrome=90.0.4430.212)
Build info: version: &amp;apos;3.141.59&amp;apos;, revision: &amp;apos;e82be7d358&amp;apos;, time: &amp;apos;2018-11-14T08:17:03&amp;apos;
System info: host: &amp;apos;EPINHYDW075E&amp;apos;, ip: &amp;apos;100.64.65.196&amp;apos;, os.name: &amp;apos;Windows 10&amp;apos;, os.arch: &amp;apos;amd64&amp;apos;, os.version: &amp;apos;10.0&amp;apos;, java.version: &amp;apos;15.0.2&amp;apos;
Driver info: org.openqa.selenium.chrome.ChromeDriver
Capabilities {acceptInsecureCerts: false, browserName: chrome, browserVersion: 90.0.4430.212, chrome: {chromedriverVersion: 89.0.4389.23 (61b08ee2c5002..., userDataDir: C:\Users\LEELAK~1\AppData\L...}, goog:chromeOptions: {debuggerAddress: localhost:53637}, javascriptEnabled: true, networkConnectionEnabled: false, pageLoadStrategy: normal, platform: WINDOWS, platformName: WINDOWS, proxy: Proxy(), setWindowRect: true, strictFileInteractability: false, timeouts: {implicit: 0, pageLoad: 300000, script: 30000}, unhandledPromptBehavior: dismiss and notify, webauthn:extension:largeBlob: true, webauthn:virtualAuthenticators: true}
Session ID: 484dc09fb3b7ab949e9800966c11a208">
      <![CDATA[org.openqa.selenium.ElementNotInteractableException: element not interactable
  (Session info: chrome=90.0.4430.212)
Build info: version: '3.141.59', revision: 'e82be7d358', time: '2018-11-14T08:17:03'
System info: host: 'EPINHYDW075E', ip: '100.64.65.196', os.name: 'Windows 10', os.arch: 'amd64', os.version: '10.0', java.version: '15.0.2'
Driver info: org.openqa.selenium.chrome.ChromeDriver
Capabilities {acceptInsecureCerts: false, browserName: chrome, browserVersion: 90.0.4430.212, chrome: {chromedriverVersion: 89.0.4389.23 (61b08ee2c5002..., userDataDir: C:\Users\LEELAK~1\AppData\L...}, goog:chromeOptions: {debuggerAddress: localhost:53637}, javascriptEnabled: true, networkConnectionEnabled: false, pageLoadStrategy: normal, platform: WINDOWS, platformName: WINDOWS, proxy: Proxy(), setWindowRect: true, strictFileInteractability: false, timeouts: {implicit: 0, pageLoad: 300000, script: 30000}, unhandledPromptBehavior: dismiss and notify, webauthn:extension:largeBlob: true, webauthn:virtualAuthenticators: true}
Session ID: 484dc09fb3b7ab949e9800966c11a208
at org.openqa.selenium.remote.http.W3CHttpResponseCodec.createException(W3CHttpResponseCodec.java:187)
at org.openqa.selenium.remote.http.W3CHttpResponseCodec.decode(W3CHttpResponseCodec.java:122)
at org.openqa.selenium.remote.http.W3CHttpResponseCodec.decode(W3CHttpResponseCodec.java:49)
at org.openqa.selenium.remote.HttpCommandExecutor.execute(HttpCommandExecutor.java:158)
at org.openqa.selenium.remote.service.DriverCommandExecutor.execute(DriverCommandExecutor.java:83)
at org.openqa.selenium.remote.RemoteWebDriver.execute(RemoteWebDriver.java:552)
at org.openqa.selenium.remote.RemoteWebElement.execute(RemoteWebElement.java:285)
at org.openqa.selenium.remote.RemoteWebElement.sendKeys(RemoteWebElement.java:106)
at org.openqa.selenium.support.pagefactory.internal.LocatingElementHandler.invoke(LocatingElementHandler.java:51)
at com.sun.proxy.$Proxy12.sendKeys(Unknown Source)
at com.epam.framework.utils.Utilities.WaitForElementToBeVisibleAndSendKeys(Utilities.java:34)
at com.epam.programsPortal.web.pages.SpeakersPage.searchSpeaker(SpeakersPage.java:59)
at com.epam.programsPortal.testScripts.web.regression.SpeakersPageTest.editSpeaker(SpeakersPageTest.java:41)
at java.base/java.util.ArrayList.forEach(ArrayList.java:1511)
... Removed 40 stack frames]]>
    </failure>
  </testcase> <!-- editSpeaker -->
  <testcase classname="com.epam.programsPortal.testScripts.web.smoke.HomePageSmokeTest" name="checkIsHomePageOpened" time="0.688"/>
  <testcase classname="com.epam.programsPortal.testScripts.web.smoke.HomePageSmokeTest" name="checkBatchSearchDropDownElementDisplayed" time="0.04"/>
  <testcase classname="com.epam.programsPortal.testScripts.web.smoke.HomePageSmokeTest" name="checkProfiledropDownElementDisplayed" time="0.064"/>
  <testcase classname="com.epam.programsPortal.testScripts.web.smoke.SignInSmokeTest" name="checkEmailFieldDisplayed" time="0.048"/>
  <testcase classname="com.epam.programsPortal.testScripts.web.smoke.SignInSmokeTest" name="checkIsSignInPageOpened" time="0.048"/>
  <testcase classname="com.epam.programsPortal.testScripts.web.smoke.SignInSmokeTest" name="checkPasswordFieldDisplayed" time="0.032"/>
  <testcase classname="com.epam.programsPortal.testScripts.web.smoke.SignInSmokeTest" name="checkSignInButtonEnabled" time="0.024"/>
  <testcase classname="com.epam.programsPortal.testScripts.web.smoke.SignInSmokeTest" name="chekSignUpLinkTextDisplayed" time="0.032"/>
  <testcase classname="com.epam.programsPortal.testScripts.web.smoke.SignupSmokeTest" name="checkCancelLinkTextAppears" time="0.09"/>
  <testcase classname="com.epam.programsPortal.testScripts.web.smoke.SignupSmokeTest" name="checkEmailFieldDisplayed" time="0.06"/>
  <testcase classname="com.epam.programsPortal.testScripts.web.smoke.SignupSmokeTest" name="checkIsSignUpPageOpened" time="0.093"/>
  <testcase classname="com.epam.programsPortal.testScripts.web.smoke.SignupSmokeTest" name="checkPasswordFieldDisplayed" time="0.032"/>
  <testcase classname="com.epam.programsPortal.testScripts.web.smoke.SignupSmokeTest" name="checkSignUpButtonEnabled" time="0.043"/>
</testsuite> <!-- Surefire test -->
