<!DOCTYPE html PUBLIC "-//W3C//DTD XHTML 1.1//EN" "https://www.w3.org/TR/xhtml11/DTD/xhtml11.dtd">
<html xmlns="https://www.w3.org/1999/xhtml">
<head>
<meta http-equiv="content-type" content="text/html; charset=UTF-8"/>
<title>TestNG Report</title>
<style type="text/css">table {margin-bottom:10px;border-collapse:collapse;empty-cells:show}th,td {border:1px solid #009;padding:.25em .5em}th {vertical-align:bottom}td {vertical-align:top}table a {font-weight:bold}.stripe td {background-color: #E6EBF9}.num {text-align:right}.passedodd td {background-color: #3F3}.passedeven td {background-color: #0A0}.skippedodd td {background-color: #DDD}.skippedeven td {background-color: #CCC}.failedodd td,.attn {background-color: #F33}.failedeven td,.stripe .attn {background-color: #D00}.stacktrace {white-space:pre;font-family:monospace}.totop {font-size:85%;text-align:center;border-bottom:2px solid #000}.invisible {display:none}</style>
</head>
<body>
<table>
<tr><th>Test</th><th># Passed</th><th># Skipped</th><th># Retried</th><th># Failed</th><th>Time (ms)</th><th>Included Groups</th><th>Excluded Groups</th></tr>
<tr><th colspan="8">Surefire suite</th></tr>
<tr><td><a href="#t0">Surefire test</a></td><td class="num">34</td><td class="num">0</td><td class="num">0</td><td class="num attn">7</td><td class="num">476,216</td><td></td><td></td></tr>
</table>
<table id='summary'><thead><tr><th>Class</th><th>Method</th><th>Start</th><th>Time (ms)</th></tr></thead><tbody><tr><th colspan="4">Surefire suite</th></tr></tbody><tbody id="t0"><tr><th colspan="4">Surefire test &#8212; failed</th></tr><tr class="failedeven"><td rowspan="3">com.epam.programsPortal.testScripts.api.APITest</td><td><a href="#m0">addCollege</a></td><td rowspan="2">1621076722051</td><td rowspan="2">178</td></tr><tr class="failedeven"><td><a href="#m1">addCollege</a></td></tr><tr class="failedeven"><td><a href="#m2">api_demo</a></td><td rowspan="1">1621076722233</td><td rowspan="1">4179</td></tr><tr class="failedodd"><td rowspan="1">com.epam.programsPortal.testScripts.web.regression.CollegesPageTest</td><td><a href="#m3">openAddCollegePageTest</a></td><td rowspan="1">1621076811939</td><td rowspan="1">428</td></tr><tr class="failedeven"><td rowspan="3">com.epam.programsPortal.testScripts.web.regression.SpeakersPageTest</td><td><a href="#m4">editSpeaker</a></td><td rowspan="3">1621076986573</td><td rowspan="3">321</td></tr><tr class="failedeven"><td><a href="#m5">editSpeaker</a></td></tr><tr class="failedeven"><td><a href="#m6">editSpeaker</a></td></tr><tr><th colspan="4">Surefire test &#8212; passed</th></tr><tr class="passedeven"><td rowspan="3">com.epam.programsPortal.testScripts.web.regression.AddCTest</td><td><a href="#m7">addCollege</a></td><td rowspan="3">1621076772620</td><td rowspan="3">3749</td></tr><tr class="passedeven"><td><a href="#m8">addCollege</a></td></tr><tr class="passedeven"><td><a href="#m9">addCollege</a></td></tr><tr class="passedodd"><td rowspan="1">com.epam.programsPortal.testScripts.web.regression.CollegesPageTest</td><td><a href="#m10">openCollegesPageTest</a></td><td rowspan="1">1621076809807</td><td rowspan="1">2132</td></tr><tr class="passedeven"><td rowspan="3">com.epam.programsPortal.testScripts.web.regression.HomePageTest</td><td><a href="#m11">checkIsHomePageOpened</a></td><td rowspan="1">1621076838711</td><td rowspan="1">690</td></tr><tr class="passedeven"><td><a href="#m12">openMasterDataManagementTest</a></td><td rowspan="1">1621076840149</td><td rowspan="1">905</td></tr><tr class="passedeven"><td><a href="#m13">openburgerMenuTest</a></td><td rowspan="1">1621076839409</td><td rowspan="1">740</td></tr><tr class="passedodd"><td rowspan="4">com.epam.programsPortal.testScripts.web.regression.SignInTest</td><td><a href="#m14">openSignInPageTest</a></td><td rowspan="1">1621076883692</td><td rowspan="1">145</td></tr><tr class="passedodd"><td><a href="#m15">signInTest</a></td><td rowspan="3">1621076886017</td><td rowspan="3">2053</td></tr><tr class="passedodd"><td><a href="#m16">signInTest</a></td></tr><tr class="passedodd"><td><a href="#m17">signInTest</a></td></tr><tr class="passedeven"><td rowspan="4">com.epam.programsPortal.testScripts.web.regression.SignUpTest</td><td><a href="#m18">openSignUpPageTest</a></td><td rowspan="1">1621076929394</td><td rowspan="1">147</td></tr><tr class="passedeven"><td><a href="#m19">signUpTest</a></td><td rowspan="3">1621076933880</td><td rowspan="3">1132</td></tr><tr class="passedeven"><td><a href="#m20">signUpTest</a></td></tr><tr class="passedeven"><td><a href="#m21">signUpTest</a></td></tr><tr class="passedodd"><td rowspan="6">com.epam.programsPortal.testScripts.web.regression.SpeakersPageTest</td><td><a href="#m22">SearchSpeakers</a></td><td rowspan="3">1621076975047</td><td rowspan="3">229</td></tr><tr class="passedodd"><td><a href="#m23">SearchSpeakers</a></td></tr><tr class="passedodd"><td><a href="#m24">SearchSpeakers</a></td></tr><tr class="passedodd"><td><a href="#m25">addSpeakers</a></td><td rowspan="3">1621076978671</td><td rowspan="3">2655</td></tr><tr class="passedodd"><td><a href="#m26">addSpeakers</a></td></tr><tr class="passedodd"><td><a href="#m27">addSpeakers</a></td></tr><tr class="passedeven"><td rowspan="3">com.epam.programsPortal.testScripts.web.smoke.HomePageSmokeTest</td><td><a href="#m28">checkBatchSearchDropDownElementDisplayed</a></td><td rowspan="1">1621077032573</td><td rowspan="1">40</td></tr><tr class="passedeven"><td><a href="#m29">checkIsHomePageOpened</a></td><td rowspan="1">1621077031884</td><td rowspan="1">688</td></tr><tr class="passedeven"><td><a href="#m30">checkProfiledropDownElementDisplayed</a></td><td rowspan="1">1621077032613</td><td rowspan="1">64</td></tr><tr class="passedodd"><td rowspan="5">com.epam.programsPortal.testScripts.web.smoke.SignInSmokeTest</td><td><a href="#m31">checkEmailFieldDisplayed</a></td><td rowspan="1">1621077121327</td><td rowspan="1">48</td></tr><tr class="passedodd"><td><a href="#m32">checkIsSignInPageOpened</a></td><td rowspan="1">1621077121375</td><td rowspan="1">48</td></tr><tr class="passedodd"><td><a href="#m33">checkPasswordFieldDisplayed</a></td><td rowspan="1">1621077121423</td><td rowspan="1">32</td></tr><tr class="passedodd"><td><a href="#m34">checkSignInButtonEnabled</a></td><td rowspan="1">1621077121455</td><td rowspan="1">24</td></tr><tr class="passedodd"><td><a href="#m35">chekSignUpLinkTextDisplayed</a></td><td rowspan="1">1621077121479</td><td rowspan="1">32</td></tr><tr class="passedeven"><td rowspan="5">com.epam.programsPortal.testScripts.web.smoke.SignupSmokeTest</td><td><a href="#m36">checkCancelLinkTextAppears</a></td><td rowspan="1">1621077189673</td><td rowspan="1">90</td></tr><tr class="passedeven"><td><a href="#m37">checkEmailFieldDisplayed</a></td><td rowspan="1">1621077189764</td><td rowspan="1">60</td></tr><tr class="passedeven"><td><a href="#m38">checkIsSignUpPageOpened</a></td><td rowspan="1">1621077189825</td><td rowspan="1">93</td></tr><tr class="passedeven"><td><a href="#m39">checkPasswordFieldDisplayed</a></td><td rowspan="1">1621077189918</td><td rowspan="1">32</td></tr><tr class="passedeven"><td><a href="#m40">checkSignUpButtonEnabled</a></td><td rowspan="1">1621077189951</td><td rowspan="1">43</td></tr></tbody>
</table>
<h2>Surefire test</h2><h3 id="m0">com.epam.programsPortal.testScripts.api.APITest#addCollege</h3><table class="result"><tr class="param"><th>Parameter #1</th><th>Parameter #2</th><th>Parameter #3</th><th>Parameter #4</th><th>Parameter #5</th><th>Parameter #6</th><th>Parameter #7</th></tr><tr class="param stripe"><td>unity of ideas</td><td>cse</td><td>hyd</td><td>harsh</td><td>tr@gmail.com</td><td>9912788572</td><td>Active</td></tr><tr><th colspan="7">Exception</th></tr><tr><td colspan="7"><div class="stacktrace">com.fasterxml.jackson.databind.exc.UnrecognizedPropertyException: Unrecognized field &quot;timestamp&quot; (class com.epam.programsPortal.api.pojos.College), not marked as ignorable (7 known properties: &quot;ptoEmail&quot;, &quot;collegeId&quot;, &quot;ptoPhno&quot;, &quot;ptoName&quot;, &quot;collegeGroup&quot;, &quot;collegeName&quot;, &quot;collegeCity&quot;])
 at [Source: (String)&quot;{&quot;timestamp&quot;:&quot;2021-05-15 16:35&quot;,&quot;status&quot;:400,&quot;error&quot;:&quot;Bad Request&quot;,&quot;message&quot;:&quot;Required request body is missing: public org.springframework.http.ResponseEntity&lt;com.epam.rd.programs.model.CollegeModel&gt; com.epam.rd.programs.controller.CollegeController.addCollege(com.epam.rd.programs.model.CollegeModel) throws com.epam.rd.programs.exceptions.InvalidDataPassedException&quot;,&quot;path&quot;:&quot;/programs/colleges&quot;}&quot;; line: 1, column: 15] (through reference chain: com.epam.programsPortal.api.pojos.College[&quot;timestamp&quot;])
	at com.fasterxml.jackson.databind.exc.UnrecognizedPropertyException.from(UnrecognizedPropertyException.java:61)
	at com.fasterxml.jackson.databind.DeserializationContext.handleUnknownProperty(DeserializationContext.java:823)
	at com.fasterxml.jackson.databind.deser.std.StdDeserializer.handleUnknownProperty(StdDeserializer.java:1153)
	at com.fasterxml.jackson.databind.deser.BeanDeserializerBase.handleUnknownProperty(BeanDeserializerBase.java:1589)
	at com.fasterxml.jackson.databind.deser.BeanDeserializerBase.handleUnknownVanilla(BeanDeserializerBase.java:1567)
	at com.fasterxml.jackson.databind.deser.BeanDeserializer.vanillaDeserialize(BeanDeserializer.java:294)
	at com.fasterxml.jackson.databind.deser.BeanDeserializer.deserialize(BeanDeserializer.java:151)
	at com.fasterxml.jackson.databind.ObjectMapper._readMapAndClose(ObjectMapper.java:4013)
	at com.fasterxml.jackson.databind.ObjectMapper.readValue(ObjectMapper.java:3042)
	at com.fasterxml.jackson.databind.ObjectMapper$readValue$0.call(Unknown Source)
	at io.restassured.internal.path.json.mapping.JsonPathJackson2ObjectDeserializer.deserialize(JsonPathJackson2ObjectDeserializer.groovy:46)
	at io.restassured.path.json.mapping.JsonPathObjectDeserializer$deserialize.call(Unknown Source)
	at io.restassured.internal.mapping.Jackson2Mapper.deserialize(Jackson2Mapper.groovy:58)
	at io.restassured.mapper.ObjectMapper$deserialize.call(Unknown Source)
	at io.restassured.internal.mapping.ObjectMapping.parseWithJackson2(ObjectMapping.groovy:238)
	at io.restassured.internal.mapping.ObjectMapping$parseWithJackson2$0.callStatic(Unknown Source)
	at io.restassured.internal.mapping.ObjectMapping.deserialize(ObjectMapping.groovy:59)
	at io.restassured.internal.mapping.ObjectMapping$deserialize.call(Unknown Source)
	at io.restassured.internal.RestAssuredResponseOptionsGroovyImpl.as(RestAssuredResponseOptionsGroovyImpl.groovy:231)
	at io.restassured.internal.RestAssuredResponseOptionsImpl.as(RestAssuredResponseOptionsImpl.java:169)
	at com.epam.programsPortal.testScripts.api.APITest.addCollege(APITest.java:34)
	at java.base/java.util.ArrayList.forEach(ArrayList.java:1511)
... Removed 32 stack frames</div></td></tr></table><p class="totop"><a href="#summary">back to summary</a></p>
<h3 id="m1">com.epam.programsPortal.testScripts.api.APITest#addCollege</h3><table class="result"><tr class="param"><th>Parameter #1</th><th>Parameter #2</th><th>Parameter #3</th><th>Parameter #4</th><th>Parameter #5</th><th>Parameter #6</th><th>Parameter #7</th></tr><tr class="param stripe"><td>myschool</td><td>cse</td><td>hyd</td><td>harsh</td><td>tr@gmail.com</td><td>9912418572</td><td>Active</td></tr><tr><th colspan="7">Exception</th></tr><tr><td colspan="7"><div class="stacktrace">com.fasterxml.jackson.databind.exc.UnrecognizedPropertyException: Unrecognized field &quot;timestamp&quot; (class com.epam.programsPortal.api.pojos.College), not marked as ignorable (7 known properties: &quot;ptoEmail&quot;, &quot;collegeId&quot;, &quot;ptoPhno&quot;, &quot;ptoName&quot;, &quot;collegeGroup&quot;, &quot;collegeName&quot;, &quot;collegeCity&quot;])
 at [Source: (String)&quot;{&quot;timestamp&quot;:&quot;2021-05-15 16:35&quot;,&quot;status&quot;:400,&quot;error&quot;:&quot;Bad Request&quot;,&quot;message&quot;:&quot;Required request body is missing: public org.springframework.http.ResponseEntity&lt;com.epam.rd.programs.model.CollegeModel&gt; com.epam.rd.programs.controller.CollegeController.addCollege(com.epam.rd.programs.model.CollegeModel) throws com.epam.rd.programs.exceptions.InvalidDataPassedException&quot;,&quot;path&quot;:&quot;/programs/colleges&quot;}&quot;; line: 1, column: 15] (through reference chain: com.epam.programsPortal.api.pojos.College[&quot;timestamp&quot;])
	at com.fasterxml.jackson.databind.exc.UnrecognizedPropertyException.from(UnrecognizedPropertyException.java:61)
	at com.fasterxml.jackson.databind.DeserializationContext.handleUnknownProperty(DeserializationContext.java:823)
	at com.fasterxml.jackson.databind.deser.std.StdDeserializer.handleUnknownProperty(StdDeserializer.java:1153)
	at com.fasterxml.jackson.databind.deser.BeanDeserializerBase.handleUnknownProperty(BeanDeserializerBase.java:1589)
	at com.fasterxml.jackson.databind.deser.BeanDeserializerBase.handleUnknownVanilla(BeanDeserializerBase.java:1567)
	at com.fasterxml.jackson.databind.deser.BeanDeserializer.vanillaDeserialize(BeanDeserializer.java:294)
	at com.fasterxml.jackson.databind.deser.BeanDeserializer.deserialize(BeanDeserializer.java:151)
	at com.fasterxml.jackson.databind.ObjectMapper._readMapAndClose(ObjectMapper.java:4013)
	at com.fasterxml.jackson.databind.ObjectMapper.readValue(ObjectMapper.java:3042)
	at com.fasterxml.jackson.databind.ObjectMapper$readValue$0.call(Unknown Source)
	at org.codehaus.groovy.runtime.callsite.CallSiteArray.defaultCall(CallSiteArray.java:47)
	at org.codehaus.groovy.runtime.callsite.AbstractCallSite.call(AbstractCallSite.java:125)
	at org.codehaus.groovy.runtime.callsite.AbstractCallSite.call(AbstractCallSite.java:148)
	at io.restassured.internal.path.json.mapping.JsonPathJackson2ObjectDeserializer.deserialize(JsonPathJackson2ObjectDeserializer.groovy:46)
	at io.restassured.path.json.mapping.JsonPathObjectDeserializer$deserialize.call(Unknown Source)
	at org.codehaus.groovy.runtime.callsite.CallSiteArray.defaultCall(CallSiteArray.java:47)
	at org.codehaus.groovy.runtime.callsite.AbstractCallSite.call(AbstractCallSite.java:125)
	at org.codehaus.groovy.runtime.callsite.AbstractCallSite.call(AbstractCallSite.java:139)
	at io.restassured.internal.mapping.Jackson2Mapper.deserialize(Jackson2Mapper.groovy:58)
	at io.restassured.mapper.ObjectMapper$deserialize.call(Unknown Source)
	at org.codehaus.groovy.runtime.callsite.CallSiteArray.defaultCall(CallSiteArray.java:47)
	at org.codehaus.groovy.runtime.callsite.AbstractCallSite.call(AbstractCallSite.java:125)
	at org.codehaus.groovy.runtime.callsite.AbstractCallSite.call(AbstractCallSite.java:139)
	at io.restassured.internal.mapping.ObjectMapping.parseWithJackson2(ObjectMapping.groovy:238)
	at io.restassured.internal.mapping.ObjectMapping$parseWithJackson2$0.callStatic(Unknown Source)
	at org.codehaus.groovy.runtime.callsite.CallSiteArray.defaultCallStatic(CallSiteArray.java:55)
	at org.codehaus.groovy.runtime.callsite.AbstractCallSite.callStatic(AbstractCallSite.java:217)
	at org.codehaus.groovy.runtime.callsite.AbstractCallSite.callStatic(AbstractCallSite.java:240)
	at io.restassured.internal.mapping.ObjectMapping.deserialize(ObjectMapping.groovy:59)
	at io.restassured.internal.mapping.ObjectMapping$deserialize.call(Unknown Source)
	at org.codehaus.groovy.runtime.callsite.CallSiteArray.defaultCall(CallSiteArray.java:47)
	at org.codehaus.groovy.runtime.callsite.AbstractCallSite.call(AbstractCallSite.java:125)
	at io.restassured.internal.RestAssuredResponseOptionsGroovyImpl.as(RestAssuredResponseOptionsGroovyImpl.groovy:231)
	at io.restassured.internal.RestAssuredResponseOptionsImpl.as(RestAssuredResponseOptionsImpl.java:169)
	at com.epam.programsPortal.testScripts.api.APITest.addCollege(APITest.java:34)
	at java.base/java.util.ArrayList.forEach(ArrayList.java:1511)
... Removed 32 stack frames</div></td></tr></table><p class="totop"><a href="#summary">back to summary</a></p>
<h3 id="m2">com.epam.programsPortal.testScripts.api.APITest#api_demo</h3><table class="result"><tr><th>Exception</th></tr><tr><td><div class="stacktrace">java.net.ConnectException: Connection refused: connect
	at java.base/sun.nio.ch.Net.connect0(Native Method)
	at java.base/sun.nio.ch.Net.connect(Net.java:574)
	at java.base/sun.nio.ch.Net.connect(Net.java:563)
	at java.base/sun.nio.ch.NioSocketImpl.connect(NioSocketImpl.java:588)
	at java.base/java.net.SocksSocketImpl.connect(SocksSocketImpl.java:333)
	at java.base/java.net.Socket.connect(Socket.java:648)
	at org.apache.http.conn.scheme.PlainSocketFactory.connectSocket(PlainSocketFactory.java:121)
	at org.apache.http.impl.conn.DefaultClientConnectionOperator.openConnection(DefaultClientConnectionOperator.java:180)
	at org.apache.http.impl.conn.ManagedClientConnectionImpl.open(ManagedClientConnectionImpl.java:326)
	at org.apache.http.impl.client.DefaultRequestDirector.tryConnect(DefaultRequestDirector.java:610)
	at org.apache.http.impl.client.DefaultRequestDirector.execute(DefaultRequestDirector.java:445)
	at org.apache.http.impl.client.AbstractHttpClient.doExecute(AbstractHttpClient.java:835)
	at org.apache.http.impl.client.CloseableHttpClient.execute(CloseableHttpClient.java:83)
	at org.apache.http.impl.client.CloseableHttpClient.execute(CloseableHttpClient.java:56)
	at org.apache.http.client.HttpClient$execute$0.call(Unknown Source)
	at org.codehaus.groovy.runtime.callsite.CallSiteArray.defaultCall(CallSiteArray.java:47)
	at org.apache.http.client.HttpClient$execute$0.call(Unknown Source)
	at io.restassured.internal.RequestSpecificationImpl$RestAssuredHttpBuilder.doRequest(RequestSpecificationImpl.groovy:2055)
	at io.restassured.internal.http.HTTPBuilder.doRequest(HTTPBuilder.java:495)
	at io.restassured.internal.http.HTTPBuilder.request(HTTPBuilder.java:452)
	at io.restassured.internal.http.HTTPBuilder$request$3.call(Unknown Source)
	at org.codehaus.groovy.runtime.callsite.CallSiteArray.defaultCall(CallSiteArray.java:47)
	at org.codehaus.groovy.runtime.callsite.AbstractCallSite.call(AbstractCallSite.java:125)
	at org.codehaus.groovy.runtime.callsite.AbstractCallSite.call(AbstractCallSite.java:166)
	at io.restassured.internal.RequestSpecificationImpl.sendHttpRequest(RequestSpecificationImpl.groovy:1451)
	at groovy.lang.MetaMethod.doMethodInvoke(MetaMethod.java:323)
	at groovy.lang.MetaClassImpl.invokeMethod(MetaClassImpl.java:1268)
	at groovy.lang.MetaClassImpl.invokeMethod(MetaClassImpl.java:1035)
	at groovy.lang.MetaClassImpl.invokeMethod(MetaClassImpl.java:819)
	at groovy.lang.GroovyObject.invokeMethod(GroovyObject.java:39)
	at org.codehaus.groovy.runtime.callsite.PogoInterceptableSite.call(PogoInterceptableSite.java:45)
	at org.codehaus.groovy.runtime.callsite.PogoInterceptableSite.callCurrent(PogoInterceptableSite.java:55)
	at org.codehaus.groovy.runtime.callsite.CallSiteArray.defaultCallCurrent(CallSiteArray.java:51)
	at org.codehaus.groovy.runtime.callsite.AbstractCallSite.callCurrent(AbstractCallSite.java:171)
	at io.restassured.internal.RequestSpecificationImpl.sendRequest(RequestSpecificationImpl.groovy:1200)
	at groovy.lang.MetaMethod.doMethodInvoke(MetaMethod.java:323)
	at groovy.lang.MetaClassImpl.invokeMethod(MetaClassImpl.java:1268)
	at groovy.lang.MetaClassImpl.invokeMethod(MetaClassImpl.java:1035)
	at groovy.lang.MetaClassImpl.invokeMethod(MetaClassImpl.java:819)
	at groovy.lang.GroovyObject.invokeMethod(GroovyObject.java:39)
	at org.codehaus.groovy.runtime.callsite.PogoInterceptableSite.call(PogoInterceptableSite.java:45)
	at org.codehaus.groovy.runtime.callsite.AbstractCallSite.call(AbstractCallSite.java:166)
	at io.restassured.internal.filter.SendRequestFilter.filter(SendRequestFilter.groovy:30)
	at io.restassured.filter.Filter$filter$0.call(Unknown Source)
	at org.codehaus.groovy.runtime.callsite.CallSiteArray.defaultCall(CallSiteArray.java:47)
	at io.restassured.filter.Filter$filter.call(Unknown Source)
	at io.restassured.internal.filter.FilterContextImpl.next(FilterContextImpl.groovy:72)
	at io.restassured.filter.time.TimingFilter.filter(TimingFilter.java:56)
	at io.restassured.filter.Filter$filter.call(Unknown Source)
	at org.codehaus.groovy.runtime.callsite.CallSiteArray.defaultCall(CallSiteArray.java:47)
	at io.restassured.filter.Filter$filter$0.call(Unknown Source)
	at io.restassured.internal.filter.FilterContextImpl.next(FilterContextImpl.groovy:72)
	at io.restassured.filter.FilterContext$next.call(Unknown Source)
	at io.restassured.internal.RequestSpecificationImpl.applyPathParamsAndSendRequest(RequestSpecificationImpl.groovy:1655)
	at groovy.lang.MetaMethod.doMethodInvoke(MetaMethod.java:323)
	at groovy.lang.MetaClassImpl.invokeMethod(MetaClassImpl.java:1268)
	at groovy.lang.MetaClassImpl.invokeMethod(MetaClassImpl.java:1035)
	at groovy.lang.MetaClassImpl.invokeMethod(MetaClassImpl.java:819)
	at groovy.lang.GroovyObject.invokeMethod(GroovyObject.java:39)
	at org.codehaus.groovy.runtime.callsite.PogoInterceptableSite.call(PogoInterceptableSite.java:45)
	at org.codehaus.groovy.runtime.callsite.PogoInterceptableSite.callCurrent(PogoInterceptableSite.java:55)
	at org.codehaus.groovy.runtime.callsite.AbstractCallSite.callCurrent(AbstractCallSite.java:203)
	at io.restassured.internal.RequestSpecificationImpl.applyPathParamsAndSendRequest(RequestSpecificationImpl.groovy:1661)
	at groovy.lang.MetaMethod.doMethodInvoke(MetaMethod.java:323)
	at groovy.lang.MetaClassImpl.invokeMethod(MetaClassImpl.java:1268)
	at groovy.lang.MetaClassImpl.invokeMethod(MetaClassImpl.java:1035)
	at groovy.lang.MetaClassImpl.invokeMethod(MetaClassImpl.java:819)
	at groovy.lang.GroovyObject.invokeMethod(GroovyObject.java:39)
	at org.codehaus.groovy.runtime.callsite.PogoInterceptableSite.call(PogoInterceptableSite.java:45)
	at org.codehaus.groovy.runtime.callsite.PogoInterceptableSite.callCurrent(PogoInterceptableSite.java:55)
	at org.codehaus.groovy.runtime.callsite.CallSiteArray.defaultCallCurrent(CallSiteArray.java:51)
	at org.codehaus.groovy.runtime.callsite.AbstractCallSite.callCurrent(AbstractCallSite.java:171)
	at org.codehaus.groovy.runtime.callsite.AbstractCallSite.callCurrent(AbstractCallSite.java:203)
	at io.restassured.internal.RequestSpecificationImpl.get(RequestSpecificationImpl.groovy:171)
	at io.restassured.internal.RequestSpecificationImpl.get(RequestSpecificationImpl.groovy)
	at io.restassured.RestAssured.get(RestAssured.java:720)
	at com.epam.programsPortal.testScripts.api.APITest.api_demo(APITest.java:40)
	at java.base/java.util.ArrayList.forEach(ArrayList.java:1511)
... Removed 52 stack frames</div></td></tr></table><p class="totop"><a href="#summary">back to summary</a></p>
<h3 id="m3">com.epam.programsPortal.testScripts.web.regression.CollegesPageTest#openAddCollegePageTest</h3><table class="result"><tr><th>Exception</th></tr><tr><td><div class="stacktrace">org.openqa.selenium.ElementNotInteractableException: element not interactable
  (Session info: chrome=90.0.4430.212)
Build info: version: &apos;3.141.59&apos;, revision: &apos;e82be7d358&apos;, time: &apos;2018-11-14T08:17:03&apos;
System info: host: &apos;EPINHYDW075E&apos;, ip: &apos;100.64.65.196&apos;, os.name: &apos;Windows 10&apos;, os.arch: &apos;amd64&apos;, os.version: &apos;10.0&apos;, java.version: &apos;15.0.2&apos;
Driver info: org.openqa.selenium.chrome.ChromeDriver
Capabilities {acceptInsecureCerts: false, browserName: chrome, browserVersion: 90.0.4430.212, chrome: {chromedriverVersion: 89.0.4389.23 (61b08ee2c5002..., userDataDir: C:\Users\LEELAK~1\AppData\L...}, goog:chromeOptions: {debuggerAddress: localhost:53397}, javascriptEnabled: true, networkConnectionEnabled: false, pageLoadStrategy: normal, platform: WINDOWS, platformName: WINDOWS, proxy: Proxy(), setWindowRect: true, strictFileInteractability: false, timeouts: {implicit: 0, pageLoad: 300000, script: 30000}, unhandledPromptBehavior: dismiss and notify, webauthn:extension:largeBlob: true, webauthn:virtualAuthenticators: true}
Session ID: 91d32f7df061055baefe58193324b0f6
	at org.openqa.selenium.remote.http.W3CHttpResponseCodec.createException(W3CHttpResponseCodec.java:187)
	at org.openqa.selenium.remote.http.W3CHttpResponseCodec.decode(W3CHttpResponseCodec.java:122)
	at org.openqa.selenium.remote.http.W3CHttpResponseCodec.decode(W3CHttpResponseCodec.java:49)
	at org.openqa.selenium.remote.HttpCommandExecutor.execute(HttpCommandExecutor.java:158)
	at org.openqa.selenium.remote.service.DriverCommandExecutor.execute(DriverCommandExecutor.java:83)
	at org.openqa.selenium.remote.RemoteWebDriver.execute(RemoteWebDriver.java:552)
	at org.openqa.selenium.remote.RemoteWebElement.execute(RemoteWebElement.java:285)
	at org.openqa.selenium.remote.RemoteWebElement.click(RemoteWebElement.java:84)
	at org.openqa.selenium.support.pagefactory.internal.LocatingElementHandler.invoke(LocatingElementHandler.java:51)
	at com.sun.proxy.$Proxy12.click(Unknown Source)
	at com.epam.framework.utils.Utilities.waitForElementToBeVisibleAndClick(Utilities.java:38)
	at com.epam.programsPortal.web.pages.HomePage.openCollegesPage(HomePage.java:60)
	at com.epam.programsPortal.testScripts.web.regression.CollegesPageTest.openAddCollegePageTest(CollegesPageTest.java:33)
	at java.base/java.util.ArrayList.forEach(ArrayList.java:1511)
... Removed 41 stack frames</div></td></tr></table><p class="totop"><a href="#summary">back to summary</a></p>
<h3 id="m4">com.epam.programsPortal.testScripts.web.regression.SpeakersPageTest#editSpeaker</h3><table class="result"><tr class="param"><th>Parameter #1</th></tr><tr class="param stripe"><td>com.epam.programsPortal.api.pojos.Speaker@6c2d124e</td></tr><tr><th>Exception</th></tr><tr><td><div class="stacktrace">org.openqa.selenium.ElementNotInteractableException: element not interactable
  (Session info: chrome=90.0.4430.212)
Build info: version: &apos;3.141.59&apos;, revision: &apos;e82be7d358&apos;, time: &apos;2018-11-14T08:17:03&apos;
System info: host: &apos;EPINHYDW075E&apos;, ip: &apos;100.64.65.196&apos;, os.name: &apos;Windows 10&apos;, os.arch: &apos;amd64&apos;, os.version: &apos;10.0&apos;, java.version: &apos;15.0.2&apos;
Driver info: org.openqa.selenium.chrome.ChromeDriver
Capabilities {acceptInsecureCerts: false, browserName: chrome, browserVersion: 90.0.4430.212, chrome: {chromedriverVersion: 89.0.4389.23 (61b08ee2c5002..., userDataDir: C:\Users\LEELAK~1\AppData\L...}, goog:chromeOptions: {debuggerAddress: localhost:53637}, javascriptEnabled: true, networkConnectionEnabled: false, pageLoadStrategy: normal, platform: WINDOWS, platformName: WINDOWS, proxy: Proxy(), setWindowRect: true, strictFileInteractability: false, timeouts: {implicit: 0, pageLoad: 300000, script: 30000}, unhandledPromptBehavior: dismiss and notify, webauthn:extension:largeBlob: true, webauthn:virtualAuthenticators: true}
Session ID: 484dc09fb3b7ab949e9800966c11a208
	at org.openqa.selenium.remote.http.W3CHttpResponseCodec.createException(W3CHttpResponseCodec.java:187)
	at org.openqa.selenium.remote.http.W3CHttpResponseCodec.decode(W3CHttpResponseCodec.java:122)
	at org.openqa.selenium.remote.http.W3CHttpResponseCodec.decode(W3CHttpResponseCodec.java:49)
	at org.openqa.selenium.remote.HttpCommandExecutor.execute(HttpCommandExecutor.java:158)
	at org.openqa.selenium.remote.service.DriverCommandExecutor.execute(DriverCommandExecutor.java:83)
	at org.openqa.selenium.remote.RemoteWebDriver.execute(RemoteWebDriver.java:552)
	at org.openqa.selenium.remote.RemoteWebElement.execute(RemoteWebElement.java:285)
	at org.openqa.selenium.remote.RemoteWebElement.sendKeys(RemoteWebElement.java:106)
	at org.openqa.selenium.support.pagefactory.internal.LocatingElementHandler.invoke(LocatingElementHandler.java:51)
	at com.sun.proxy.$Proxy12.sendKeys(Unknown Source)
	at com.epam.framework.utils.Utilities.WaitForElementToBeVisibleAndSendKeys(Utilities.java:34)
	at com.epam.programsPortal.web.pages.SpeakersPage.searchSpeaker(SpeakersPage.java:59)
	at com.epam.programsPortal.testScripts.web.regression.SpeakersPageTest.editSpeaker(SpeakersPageTest.java:41)
	at java.base/java.util.ArrayList.forEach(ArrayList.java:1511)
... Removed 40 stack frames</div></td></tr></table><p class="totop"><a href="#summary">back to summary</a></p>
<h3 id="m5">com.epam.programsPortal.testScripts.web.regression.SpeakersPageTest#editSpeaker</h3><table class="result"><tr class="param"><th>Parameter #1</th></tr><tr class="param stripe"><td>com.epam.programsPortal.api.pojos.Speaker@7a0eb939</td></tr><tr><th>Exception</th></tr><tr><td><div class="stacktrace">org.openqa.selenium.ElementNotInteractableException: element not interactable
  (Session info: chrome=90.0.4430.212)
Build info: version: &apos;3.141.59&apos;, revision: &apos;e82be7d358&apos;, time: &apos;2018-11-14T08:17:03&apos;
System info: host: &apos;EPINHYDW075E&apos;, ip: &apos;100.64.65.196&apos;, os.name: &apos;Windows 10&apos;, os.arch: &apos;amd64&apos;, os.version: &apos;10.0&apos;, java.version: &apos;15.0.2&apos;
Driver info: org.openqa.selenium.chrome.ChromeDriver
Capabilities {acceptInsecureCerts: false, browserName: chrome, browserVersion: 90.0.4430.212, chrome: {chromedriverVersion: 89.0.4389.23 (61b08ee2c5002..., userDataDir: C:\Users\LEELAK~1\AppData\L...}, goog:chromeOptions: {debuggerAddress: localhost:53637}, javascriptEnabled: true, networkConnectionEnabled: false, pageLoadStrategy: normal, platform: WINDOWS, platformName: WINDOWS, proxy: Proxy(), setWindowRect: true, strictFileInteractability: false, timeouts: {implicit: 0, pageLoad: 300000, script: 30000}, unhandledPromptBehavior: dismiss and notify, webauthn:extension:largeBlob: true, webauthn:virtualAuthenticators: true}
Session ID: 484dc09fb3b7ab949e9800966c11a208
	at org.openqa.selenium.remote.http.W3CHttpResponseCodec.createException(W3CHttpResponseCodec.java:187)
	at org.openqa.selenium.remote.http.W3CHttpResponseCodec.decode(W3CHttpResponseCodec.java:122)
	at org.openqa.selenium.remote.http.W3CHttpResponseCodec.decode(W3CHttpResponseCodec.java:49)
	at org.openqa.selenium.remote.HttpCommandExecutor.execute(HttpCommandExecutor.java:158)
	at org.openqa.selenium.remote.service.DriverCommandExecutor.execute(DriverCommandExecutor.java:83)
	at org.openqa.selenium.remote.RemoteWebDriver.execute(RemoteWebDriver.java:552)
	at org.openqa.selenium.remote.RemoteWebElement.execute(RemoteWebElement.java:285)
	at org.openqa.selenium.remote.RemoteWebElement.sendKeys(RemoteWebElement.java:106)
	at org.openqa.selenium.support.pagefactory.internal.LocatingElementHandler.invoke(LocatingElementHandler.java:51)
	at com.sun.proxy.$Proxy12.sendKeys(Unknown Source)
	at com.epam.framework.utils.Utilities.WaitForElementToBeVisibleAndSendKeys(Utilities.java:34)
	at com.epam.programsPortal.web.pages.SpeakersPage.searchSpeaker(SpeakersPage.java:59)
	at com.epam.programsPortal.testScripts.web.regression.SpeakersPageTest.editSpeaker(SpeakersPageTest.java:41)
	at java.base/java.util.ArrayList.forEach(ArrayList.java:1511)
... Removed 40 stack frames</div></td></tr></table><p class="totop"><a href="#summary">back to summary</a></p>
<h3 id="m6">com.epam.programsPortal.testScripts.web.regression.SpeakersPageTest#editSpeaker</h3><table class="result"><tr class="param"><th>Parameter #1</th></tr><tr class="param stripe"><td>com.epam.programsPortal.api.pojos.Speaker@209f0986</td></tr><tr><th>Exception</th></tr><tr><td><div class="stacktrace">java.lang.NullPointerException: Cannot read field &quot;speakerName&quot; because &quot;speaker&quot; is null
	at com.epam.programsPortal.api.pojos.Speaker.equals(Speaker.java:86)
	at com.epam.programsPortal.testScripts.web.regression.SpeakersPageTest.editSpeaker(SpeakersPageTest.java:47)
	at java.base/java.util.ArrayList.forEach(ArrayList.java:1511)
... Removed 32 stack frames</div></td></tr></table><p class="totop"><a href="#summary">back to summary</a></p>
<h3 id="m7">com.epam.programsPortal.testScripts.web.regression.AddCTest#addCollege</h3><table class="result"><tr class="param"><th>Parameter #1</th></tr><tr class="param stripe"><td>com.epam.programsPortal.api.pojos.College@d79a69b</td></tr></table><p class="totop"><a href="#summary">back to summary</a></p>
<h3 id="m8">com.epam.programsPortal.testScripts.web.regression.AddCTest#addCollege</h3><table class="result"><tr class="param"><th>Parameter #1</th></tr><tr class="param stripe"><td>com.epam.programsPortal.api.pojos.College@51158fb1</td></tr></table><p class="totop"><a href="#summary">back to summary</a></p>
<h3 id="m9">com.epam.programsPortal.testScripts.web.regression.AddCTest#addCollege</h3><table class="result"><tr class="param"><th>Parameter #1</th></tr><tr class="param stripe"><td>com.epam.programsPortal.api.pojos.College@3c83e9ca</td></tr></table><p class="totop"><a href="#summary">back to summary</a></p>
<h3 id="m10">com.epam.programsPortal.testScripts.web.regression.CollegesPageTest#openCollegesPageTest</h3><table class="result"><tr><th class="invisible"/></tr></table><p class="totop"><a href="#summary">back to summary</a></p>
<h3 id="m11">com.epam.programsPortal.testScripts.web.regression.HomePageTest#checkIsHomePageOpened</h3><table class="result"><tr><th class="invisible"/></tr></table><p class="totop"><a href="#summary">back to summary</a></p>
<h3 id="m12">com.epam.programsPortal.testScripts.web.regression.HomePageTest#openMasterDataManagementTest</h3><table class="result"><tr><th class="invisible"/></tr></table><p class="totop"><a href="#summary">back to summary</a></p>
<h3 id="m13">com.epam.programsPortal.testScripts.web.regression.HomePageTest#openburgerMenuTest</h3><table class="result"><tr><th class="invisible"/></tr></table><p class="totop"><a href="#summary">back to summary</a></p>
<h3 id="m14">com.epam.programsPortal.testScripts.web.regression.SignInTest#openSignInPageTest</h3><table class="result"><tr><th class="invisible"/></tr></table><p class="totop"><a href="#summary">back to summary</a></p>
<h3 id="m15">com.epam.programsPortal.testScripts.web.regression.SignInTest#signInTest</h3><table class="result"><tr class="param"><th>Parameter #1</th><th>Parameter #2</th></tr><tr class="param stripe"><td>abcdefg@gmail.com</td><td>abcdesag</td></tr></table><p class="totop"><a href="#summary">back to summary</a></p>
<h3 id="m16">com.epam.programsPortal.testScripts.web.regression.SignInTest#signInTest</h3><table class="result"><tr class="param"><th>Parameter #1</th><th>Parameter #2</th></tr><tr class="param stripe"><td>adcgefg@gmail.com</td><td>abcdefgas</td></tr></table><p class="totop"><a href="#summary">back to summary</a></p>
<h3 id="m17">com.epam.programsPortal.testScripts.web.regression.SignInTest#signInTest</h3><table class="result"><tr class="param"><th>Parameter #1</th><th>Parameter #2</th></tr><tr class="param stripe"><td>afghigs@gmail.com</td><td>abcasafg</td></tr></table><p class="totop"><a href="#summary">back to summary</a></p>
<h3 id="m18">com.epam.programsPortal.testScripts.web.regression.SignUpTest#openSignUpPageTest</h3><table class="result"><tr><th class="invisible"/></tr></table><p class="totop"><a href="#summary">back to summary</a></p>
<h3 id="m19">com.epam.programsPortal.testScripts.web.regression.SignUpTest#signUpTest</h3><table class="result"><tr class="param"><th>Parameter #1</th><th>Parameter #2</th></tr><tr class="param stripe"><td>afghigs@gmail.com</td><td>abcasafg</td></tr></table><p class="totop"><a href="#summary">back to summary</a></p>
<h3 id="m20">com.epam.programsPortal.testScripts.web.regression.SignUpTest#signUpTest</h3><table class="result"><tr class="param"><th>Parameter #1</th><th>Parameter #2</th></tr><tr class="param stripe"><td>adcgefg@gmail.com</td><td>abcdefgas</td></tr></table><p class="totop"><a href="#summary">back to summary</a></p>
<h3 id="m21">com.epam.programsPortal.testScripts.web.regression.SignUpTest#signUpTest</h3><table class="result"><tr class="param"><th>Parameter #1</th><th>Parameter #2</th></tr><tr class="param stripe"><td>abcdefg@gmail.com</td><td>abcdesag</td></tr></table><p class="totop"><a href="#summary">back to summary</a></p>
<h3 id="m22">com.epam.programsPortal.testScripts.web.regression.SpeakersPageTest#SearchSpeakers</h3><table class="result"><tr class="param"><th>Parameter #1</th></tr><tr class="param stripe"><td>com.epam.programsPortal.api.pojos.Speaker@7bb4f09d</td></tr></table><p class="totop"><a href="#summary">back to summary</a></p>
<h3 id="m23">com.epam.programsPortal.testScripts.web.regression.SpeakersPageTest#SearchSpeakers</h3><table class="result"><tr class="param"><th>Parameter #1</th></tr><tr class="param stripe"><td>com.epam.programsPortal.api.pojos.Speaker@7c0ecdbf</td></tr></table><p class="totop"><a href="#summary">back to summary</a></p>
<h3 id="m24">com.epam.programsPortal.testScripts.web.regression.SpeakersPageTest#SearchSpeakers</h3><table class="result"><tr class="param"><th>Parameter #1</th></tr><tr class="param stripe"><td>com.epam.programsPortal.api.pojos.Speaker@19bad88</td></tr></table><p class="totop"><a href="#summary">back to summary</a></p>
<h3 id="m25">com.epam.programsPortal.testScripts.web.regression.SpeakersPageTest#addSpeakers</h3><table class="result"><tr class="param"><th>Parameter #1</th></tr><tr class="param stripe"><td>com.epam.programsPortal.api.pojos.Speaker@ee7a538</td></tr></table><p class="totop"><a href="#summary">back to summary</a></p>
<h3 id="m26">com.epam.programsPortal.testScripts.web.regression.SpeakersPageTest#addSpeakers</h3><table class="result"><tr class="param"><th>Parameter #1</th></tr><tr class="param stripe"><td>com.epam.programsPortal.api.pojos.Speaker@7c045627</td></tr></table><p class="totop"><a href="#summary">back to summary</a></p>
<h3 id="m27">com.epam.programsPortal.testScripts.web.regression.SpeakersPageTest#addSpeakers</h3><table class="result"><tr class="param"><th>Parameter #1</th></tr><tr class="param stripe"><td>com.epam.programsPortal.api.pojos.Speaker@62682ece</td></tr></table><p class="totop"><a href="#summary">back to summary</a></p>
<h3 id="m28">com.epam.programsPortal.testScripts.web.smoke.HomePageSmokeTest#checkBatchSearchDropDownElementDisplayed</h3><table class="result"><tr><th class="invisible"/></tr></table><p class="totop"><a href="#summary">back to summary</a></p>
<h3 id="m29">com.epam.programsPortal.testScripts.web.smoke.HomePageSmokeTest#checkIsHomePageOpened</h3><table class="result"><tr><th class="invisible"/></tr></table><p class="totop"><a href="#summary">back to summary</a></p>
<h3 id="m30">com.epam.programsPortal.testScripts.web.smoke.HomePageSmokeTest#checkProfiledropDownElementDisplayed</h3><table class="result"><tr><th class="invisible"/></tr></table><p class="totop"><a href="#summary">back to summary</a></p>
<h3 id="m31">com.epam.programsPortal.testScripts.web.smoke.SignInSmokeTest#checkEmailFieldDisplayed</h3><table class="result"><tr><th class="invisible"/></tr></table><p class="totop"><a href="#summary">back to summary</a></p>
<h3 id="m32">com.epam.programsPortal.testScripts.web.smoke.SignInSmokeTest#checkIsSignInPageOpened</h3><table class="result"><tr><th class="invisible"/></tr></table><p class="totop"><a href="#summary">back to summary</a></p>
<h3 id="m33">com.epam.programsPortal.testScripts.web.smoke.SignInSmokeTest#checkPasswordFieldDisplayed</h3><table class="result"><tr><th class="invisible"/></tr></table><p class="totop"><a href="#summary">back to summary</a></p>
<h3 id="m34">com.epam.programsPortal.testScripts.web.smoke.SignInSmokeTest#checkSignInButtonEnabled</h3><table class="result"><tr><th class="invisible"/></tr></table><p class="totop"><a href="#summary">back to summary</a></p>
<h3 id="m35">com.epam.programsPortal.testScripts.web.smoke.SignInSmokeTest#chekSignUpLinkTextDisplayed</h3><table class="result"><tr><th class="invisible"/></tr></table><p class="totop"><a href="#summary">back to summary</a></p>
<h3 id="m36">com.epam.programsPortal.testScripts.web.smoke.SignupSmokeTest#checkCancelLinkTextAppears</h3><table class="result"><tr><th class="invisible"/></tr></table><p class="totop"><a href="#summary">back to summary</a></p>
<h3 id="m37">com.epam.programsPortal.testScripts.web.smoke.SignupSmokeTest#checkEmailFieldDisplayed</h3><table class="result"><tr><th class="invisible"/></tr></table><p class="totop"><a href="#summary">back to summary</a></p>
<h3 id="m38">com.epam.programsPortal.testScripts.web.smoke.SignupSmokeTest#checkIsSignUpPageOpened</h3><table class="result"><tr><th class="invisible"/></tr></table><p class="totop"><a href="#summary">back to summary</a></p>
<h3 id="m39">com.epam.programsPortal.testScripts.web.smoke.SignupSmokeTest#checkPasswordFieldDisplayed</h3><table class="result"><tr><th class="invisible"/></tr></table><p class="totop"><a href="#summary">back to summary</a></p>
<h3 id="m40">com.epam.programsPortal.testScripts.web.smoke.SignupSmokeTest#checkSignUpButtonEnabled</h3><table class="result"><tr><th class="invisible"/></tr></table><p class="totop"><a href="#summary">back to summary</a></p>
</body>
</html>
