<?xml version="1.0" encoding="UTF-8"?>
<testng-results ignored="0" total="41" passed="34" failed="7" skipped="0">
  <reporter-output>
  </reporter-output>
  <suite started-at="2021-05-15T16:35:14 IST" name="Surefire suite" finished-at="2021-05-15T16:43:11 IST" duration-ms="476216">
    <groups>
    </groups>
    <test started-at="2021-05-15T16:35:14 IST" name="Surefire test" finished-at="2021-05-15T16:43:11 IST" duration-ms="476216">
      <class name="com.epam.programsPortal.testScripts.web.regression.SpeakersPageTest">
        <test-method is-config="true" signature="setUp()[pri:0, instance:com.epam.programsPortal.testScripts.web.regression.SpeakersPageTest@c267ef4]" started-at="2021-05-15T16:38:56 IST" name="setUp" finished-at="2021-05-15T16:39:34 IST" duration-ms="38233" status="PASS">
          <reporter-output>
          </reporter-output>
        </test-method> <!-- setUp -->
        <test-method signature="SearchSpeakers(com.epam.programsPortal.api.pojos.Speaker)[pri:0, instance:com.epam.programsPortal.testScripts.web.regression.SpeakersPageTest@c267ef4]" started-at="2021-05-15T16:39:34 IST" name="SearchSpeakers" data-provider="AddSpeakerDetailsInExcel" finished-at="2021-05-15T16:39:35 IST" duration-ms="423" status="PASS">
          <params>
            <param index="0">
              <value>
                <![CDATA[com.epam.programsPortal.api.pojos.Speaker@7c0ecdbf]]>
              </value>
            </param>
          </params>
          <reporter-output>
          </reporter-output>
        </test-method> <!-- SearchSpeakers -->
        <test-method signature="SearchSpeakers(com.epam.programsPortal.api.pojos.Speaker)[pri:0, instance:com.epam.programsPortal.testScripts.web.regression.SpeakersPageTest@c267ef4]" started-at="2021-05-15T16:39:35 IST" name="SearchSpeakers" data-provider="AddSpeakerDetailsInExcel" finished-at="2021-05-15T16:39:35 IST" duration-ms="229" status="PASS">
          <params>
            <param index="0">
              <value>
                <![CDATA[com.epam.programsPortal.api.pojos.Speaker@7bb4f09d]]>
              </value>
            </param>
          </params>
          <reporter-output>
          </reporter-output>
        </test-method> <!-- SearchSpeakers -->
        <test-method signature="SearchSpeakers(com.epam.programsPortal.api.pojos.Speaker)[pri:0, instance:com.epam.programsPortal.testScripts.web.regression.SpeakersPageTest@c267ef4]" started-at="2021-05-15T16:39:35 IST" name="SearchSpeakers" data-provider="AddSpeakerDetailsInExcel" finished-at="2021-05-15T16:39:35 IST" duration-ms="175" status="PASS">
          <params>
            <param index="0">
              <value>
                <![CDATA[com.epam.programsPortal.api.pojos.Speaker@19bad88]]>
              </value>
            </param>
          </params>
          <reporter-output>
          </reporter-output>
        </test-method> <!-- SearchSpeakers -->
        <test-method signature="addSpeakers(com.epam.programsPortal.api.pojos.Speaker)[pri:0, instance:com.epam.programsPortal.testScripts.web.regression.SpeakersPageTest@c267ef4]" started-at="2021-05-15T16:39:35 IST" name="addSpeakers" data-provider="AddSpeakerDetailsInExcel" finished-at="2021-05-15T16:39:38 IST" duration-ms="3117" status="PASS">
          <params>
            <param index="0">
              <value>
                <![CDATA[com.epam.programsPortal.api.pojos.Speaker@62682ece]]>
              </value>
            </param>
          </params>
          <reporter-output>
          </reporter-output>
        </test-method> <!-- addSpeakers -->
        <test-method signature="addSpeakers(com.epam.programsPortal.api.pojos.Speaker)[pri:0, instance:com.epam.programsPortal.testScripts.web.regression.SpeakersPageTest@c267ef4]" started-at="2021-05-15T16:39:38 IST" name="addSpeakers" data-provider="AddSpeakerDetailsInExcel" finished-at="2021-05-15T16:39:41 IST" duration-ms="2655" status="PASS">
          <params>
            <param index="0">
              <value>
                <![CDATA[com.epam.programsPortal.api.pojos.Speaker@ee7a538]]>
              </value>
            </param>
          </params>
          <reporter-output>
          </reporter-output>
        </test-method> <!-- addSpeakers -->
        <test-method signature="addSpeakers(com.epam.programsPortal.api.pojos.Speaker)[pri:0, instance:com.epam.programsPortal.testScripts.web.regression.SpeakersPageTest@c267ef4]" started-at="2021-05-15T16:39:41 IST" name="addSpeakers" data-provider="AddSpeakerDetailsInExcel" finished-at="2021-05-15T16:39:44 IST" duration-ms="3240" status="PASS">
          <params>
            <param index="0">
              <value>
                <![CDATA[com.epam.programsPortal.api.pojos.Speaker@7c045627]]>
              </value>
            </param>
          </params>
          <reporter-output>
          </reporter-output>
        </test-method> <!-- addSpeakers -->
        <test-method signature="editSpeaker(com.epam.programsPortal.api.pojos.Speaker)[pri:0, instance:com.epam.programsPortal.testScripts.web.regression.SpeakersPageTest@c267ef4]" started-at="2021-05-15T16:39:44 IST" name="editSpeaker" data-provider="AddSpeakerDetailsInExcel" finished-at="2021-05-15T16:39:46 IST" duration-ms="1871" status="FAIL">
          <params>
            <param index="0">
              <value>
                <![CDATA[com.epam.programsPortal.api.pojos.Speaker@209f0986]]>
              </value>
            </param>
          </params>
          <exception class="java.lang.NullPointerException">
            <message>
              <![CDATA[Cannot read field "speakerName" because "speaker" is null]]>
            </message>
            <full-stacktrace>
              <![CDATA[java.lang.NullPointerException: Cannot read field "speakerName" because "speaker" is null
at com.epam.programsPortal.api.pojos.Speaker.equals(Speaker.java:86)
at com.epam.programsPortal.testScripts.web.regression.SpeakersPageTest.editSpeaker(SpeakersPageTest.java:47)
at java.base/jdk.internal.reflect.NativeMethodAccessorImpl.invoke0(Native Method)
at java.base/jdk.internal.reflect.NativeMethodAccessorImpl.invoke(NativeMethodAccessorImpl.java:64)
at java.base/jdk.internal.reflect.DelegatingMethodAccessorImpl.invoke(DelegatingMethodAccessorImpl.java:43)
at java.base/java.lang.reflect.Method.invoke(Method.java:564)
at org.testng.internal.MethodInvocationHelper.invokeMethod(MethodInvocationHelper.java:133)
at org.testng.internal.TestInvoker.invokeMethod(TestInvoker.java:598)
at org.testng.internal.TestInvoker.invokeTestMethod(TestInvoker.java:173)
at org.testng.internal.MethodRunner.runInSequence(MethodRunner.java:46)
at org.testng.internal.TestInvoker$MethodInvocationAgent.invoke(TestInvoker.java:824)
at org.testng.internal.TestInvoker.invokeTestMethods(TestInvoker.java:146)
at org.testng.internal.TestMethodWorker.invokeTestMethods(TestMethodWorker.java:146)
at org.testng.internal.TestMethodWorker.run(TestMethodWorker.java:128)
at java.base/java.util.ArrayList.forEach(ArrayList.java:1511)
at org.testng.TestRunner.privateRun(TestRunner.java:794)
at org.testng.TestRunner.run(TestRunner.java:596)
at org.testng.SuiteRunner.runTest(SuiteRunner.java:377)
at org.testng.SuiteRunner.runSequentially(SuiteRunner.java:371)
at org.testng.SuiteRunner.privateRun(SuiteRunner.java:332)
at org.testng.SuiteRunner.run(SuiteRunner.java:276)
at org.testng.SuiteRunnerWorker.runSuite(SuiteRunnerWorker.java:53)
at org.testng.SuiteRunnerWorker.run(SuiteRunnerWorker.java:96)
at org.testng.TestNG.runSuitesSequentially(TestNG.java:1212)
at org.testng.TestNG.runSuitesLocally(TestNG.java:1134)
at org.testng.TestNG.runSuites(TestNG.java:1063)
at org.testng.TestNG.run(TestNG.java:1031)
at org.apache.maven.surefire.testng.TestNGExecutor.run(TestNGExecutor.java:135)
at org.apache.maven.surefire.testng.TestNGDirectoryTestSuite.executeMulti(TestNGDirectoryTestSuite.java:193)
at org.apache.maven.surefire.testng.TestNGDirectoryTestSuite.execute(TestNGDirectoryTestSuite.java:94)
at org.apache.maven.surefire.testng.TestNGProvider.invoke(TestNGProvider.java:146)
at org.apache.maven.surefire.booter.ForkedBooter.invokeProviderInSameClassLoader(ForkedBooter.java:384)
at org.apache.maven.surefire.booter.ForkedBooter.runSuitesInProcess(ForkedBooter.java:345)
at org.apache.maven.surefire.booter.ForkedBooter.execute(ForkedBooter.java:126)
at org.apache.maven.surefire.booter.ForkedBooter.main(ForkedBooter.java:418)
]]>
            </full-stacktrace>
          </exception> <!-- java.lang.NullPointerException -->
          <reporter-output>
          </reporter-output>
        </test-method> <!-- editSpeaker -->
        <test-method signature="editSpeaker(com.epam.programsPortal.api.pojos.Speaker)[pri:0, instance:com.epam.programsPortal.testScripts.web.regression.SpeakersPageTest@c267ef4]" started-at="2021-05-15T16:39:46 IST" name="editSpeaker" data-provider="AddSpeakerDetailsInExcel" finished-at="2021-05-15T16:39:46 IST" duration-ms="321" status="FAIL">
          <params>
            <param index="0">
              <value>
                <![CDATA[com.epam.programsPortal.api.pojos.Speaker@6c2d124e]]>
              </value>
            </param>
          </params>
          <exception class="org.openqa.selenium.ElementNotInteractableException">
            <message>
              <![CDATA[element not interactable
  (Session info: chrome=90.0.4430.212)
Build info: version: '3.141.59', revision: 'e82be7d358', time: '2018-11-14T08:17:03'
System info: host: 'EPINHYDW075E', ip: '100.64.65.196', os.name: 'Windows 10', os.arch: 'amd64', os.version: '10.0', java.version: '15.0.2'
Driver info: org.openqa.selenium.chrome.ChromeDriver
Capabilities {acceptInsecureCerts: false, browserName: chrome, browserVersion: 90.0.4430.212, chrome: {chromedriverVersion: 89.0.4389.23 (61b08ee2c5002..., userDataDir: C:\Users\LEELAK~1\AppData\L...}, goog:chromeOptions: {debuggerAddress: localhost:53637}, javascriptEnabled: true, networkConnectionEnabled: false, pageLoadStrategy: normal, platform: WINDOWS, platformName: WINDOWS, proxy: Proxy(), setWindowRect: true, strictFileInteractability: false, timeouts: {implicit: 0, pageLoad: 300000, script: 30000}, unhandledPromptBehavior: dismiss and notify, webauthn:extension:largeBlob: true, webauthn:virtualAuthenticators: true}
Session ID: 484dc09fb3b7ab949e9800966c11a208]]>
            </message>
            <full-stacktrace>
              <![CDATA[org.openqa.selenium.ElementNotInteractableException: element not interactable
  (Session info: chrome=90.0.4430.212)
Build info: version: '3.141.59', revision: 'e82be7d358', time: '2018-11-14T08:17:03'
System info: host: 'EPINHYDW075E', ip: '100.64.65.196', os.name: 'Windows 10', os.arch: 'amd64', os.version: '10.0', java.version: '15.0.2'
Driver info: org.openqa.selenium.chrome.ChromeDriver
Capabilities {acceptInsecureCerts: false, browserName: chrome, browserVersion: 90.0.4430.212, chrome: {chromedriverVersion: 89.0.4389.23 (61b08ee2c5002..., userDataDir: C:\Users\LEELAK~1\AppData\L...}, goog:chromeOptions: {debuggerAddress: localhost:53637}, javascriptEnabled: true, networkConnectionEnabled: false, pageLoadStrategy: normal, platform: WINDOWS, platformName: WINDOWS, proxy: Proxy(), setWindowRect: true, strictFileInteractability: false, timeouts: {implicit: 0, pageLoad: 300000, script: 30000}, unhandledPromptBehavior: dismiss and notify, webauthn:extension:largeBlob: true, webauthn:virtualAuthenticators: true}
Session ID: 484dc09fb3b7ab949e9800966c11a208
at java.base/jdk.internal.reflect.NativeConstructorAccessorImpl.newInstance0(Native Method)
at java.base/jdk.internal.reflect.NativeConstructorAccessorImpl.newInstance(NativeConstructorAccessorImpl.java:64)
at java.base/jdk.internal.reflect.DelegatingConstructorAccessorImpl.newInstance(DelegatingConstructorAccessorImpl.java:45)
at java.base/java.lang.reflect.Constructor.newInstanceWithCaller(Constructor.java:500)
at java.base/java.lang.reflect.Constructor.newInstance(Constructor.java:481)
at org.openqa.selenium.remote.http.W3CHttpResponseCodec.createException(W3CHttpResponseCodec.java:187)
at org.openqa.selenium.remote.http.W3CHttpResponseCodec.decode(W3CHttpResponseCodec.java:122)
at org.openqa.selenium.remote.http.W3CHttpResponseCodec.decode(W3CHttpResponseCodec.java:49)
at org.openqa.selenium.remote.HttpCommandExecutor.execute(HttpCommandExecutor.java:158)
at org.openqa.selenium.remote.service.DriverCommandExecutor.execute(DriverCommandExecutor.java:83)
at org.openqa.selenium.remote.RemoteWebDriver.execute(RemoteWebDriver.java:552)
at org.openqa.selenium.remote.RemoteWebElement.execute(RemoteWebElement.java:285)
at org.openqa.selenium.remote.RemoteWebElement.sendKeys(RemoteWebElement.java:106)
at jdk.internal.reflect.GeneratedMethodAccessor17.invoke(Unknown Source)
at java.base/jdk.internal.reflect.DelegatingMethodAccessorImpl.invoke(DelegatingMethodAccessorImpl.java:43)
at java.base/java.lang.reflect.Method.invoke(Method.java:564)
at org.openqa.selenium.support.pagefactory.internal.LocatingElementHandler.invoke(LocatingElementHandler.java:51)
at com.sun.proxy.$Proxy12.sendKeys(Unknown Source)
at com.epam.framework.utils.Utilities.WaitForElementToBeVisibleAndSendKeys(Utilities.java:34)
at com.epam.programsPortal.web.pages.SpeakersPage.searchSpeaker(SpeakersPage.java:59)
at com.epam.programsPortal.testScripts.web.regression.SpeakersPageTest.editSpeaker(SpeakersPageTest.java:41)
at java.base/jdk.internal.reflect.NativeMethodAccessorImpl.invoke0(Native Method)
at java.base/jdk.internal.reflect.NativeMethodAccessorImpl.invoke(NativeMethodAccessorImpl.java:64)
at java.base/jdk.internal.reflect.DelegatingMethodAccessorImpl.invoke(DelegatingMethodAccessorImpl.java:43)
at java.base/java.lang.reflect.Method.invoke(Method.java:564)
at org.testng.internal.MethodInvocationHelper.invokeMethod(MethodInvocationHelper.java:133)
at org.testng.internal.TestInvoker.invokeMethod(TestInvoker.java:598)
at org.testng.internal.TestInvoker.invokeTestMethod(TestInvoker.java:173)
at org.testng.internal.MethodRunner.runInSequence(MethodRunner.java:46)
at org.testng.internal.TestInvoker$MethodInvocationAgent.invoke(TestInvoker.java:824)
at org.testng.internal.TestInvoker.invokeTestMethods(TestInvoker.java:146)
at org.testng.internal.TestMethodWorker.invokeTestMethods(TestMethodWorker.java:146)
at org.testng.internal.TestMethodWorker.run(TestMethodWorker.java:128)
at java.base/java.util.ArrayList.forEach(ArrayList.java:1511)
at org.testng.TestRunner.privateRun(TestRunner.java:794)
at org.testng.TestRunner.run(TestRunner.java:596)
at org.testng.SuiteRunner.runTest(SuiteRunner.java:377)
at org.testng.SuiteRunner.runSequentially(SuiteRunner.java:371)
at org.testng.SuiteRunner.privateRun(SuiteRunner.java:332)
at org.testng.SuiteRunner.run(SuiteRunner.java:276)
at org.testng.SuiteRunnerWorker.runSuite(SuiteRunnerWorker.java:53)
at org.testng.SuiteRunnerWorker.run(SuiteRunnerWorker.java:96)
at org.testng.TestNG.runSuitesSequentially(TestNG.java:1212)
at org.testng.TestNG.runSuitesLocally(TestNG.java:1134)
at org.testng.TestNG.runSuites(TestNG.java:1063)
at org.testng.TestNG.run(TestNG.java:1031)
at org.apache.maven.surefire.testng.TestNGExecutor.run(TestNGExecutor.java:135)
at org.apache.maven.surefire.testng.TestNGDirectoryTestSuite.executeMulti(TestNGDirectoryTestSuite.java:193)
at org.apache.maven.surefire.testng.TestNGDirectoryTestSuite.execute(TestNGDirectoryTestSuite.java:94)
at org.apache.maven.surefire.testng.TestNGProvider.invoke(TestNGProvider.java:146)
at org.apache.maven.surefire.booter.ForkedBooter.invokeProviderInSameClassLoader(ForkedBooter.java:384)
at org.apache.maven.surefire.booter.ForkedBooter.runSuitesInProcess(ForkedBooter.java:345)
at org.apache.maven.surefire.booter.ForkedBooter.execute(ForkedBooter.java:126)
at org.apache.maven.surefire.booter.ForkedBooter.main(ForkedBooter.java:418)
]]>
            </full-stacktrace>
          </exception> <!-- org.openqa.selenium.ElementNotInteractableException -->
          <reporter-output>
          </reporter-output>
        </test-method> <!-- editSpeaker -->
        <test-method signature="editSpeaker(com.epam.programsPortal.api.pojos.Speaker)[pri:0, instance:com.epam.programsPortal.testScripts.web.regression.SpeakersPageTest@c267ef4]" started-at="2021-05-15T16:39:46 IST" name="editSpeaker" data-provider="AddSpeakerDetailsInExcel" finished-at="2021-05-15T16:39:47 IST" duration-ms="268" status="FAIL">
          <params>
            <param index="0">
              <value>
                <![CDATA[com.epam.programsPortal.api.pojos.Speaker@7a0eb939]]>
              </value>
            </param>
          </params>
          <exception class="org.openqa.selenium.ElementNotInteractableException">
            <message>
              <![CDATA[element not interactable
  (Session info: chrome=90.0.4430.212)
Build info: version: '3.141.59', revision: 'e82be7d358', time: '2018-11-14T08:17:03'
System info: host: 'EPINHYDW075E', ip: '100.64.65.196', os.name: 'Windows 10', os.arch: 'amd64', os.version: '10.0', java.version: '15.0.2'
Driver info: org.openqa.selenium.chrome.ChromeDriver
Capabilities {acceptInsecureCerts: false, browserName: chrome, browserVersion: 90.0.4430.212, chrome: {chromedriverVersion: 89.0.4389.23 (61b08ee2c5002..., userDataDir: C:\Users\LEELAK~1\AppData\L...}, goog:chromeOptions: {debuggerAddress: localhost:53637}, javascriptEnabled: true, networkConnectionEnabled: false, pageLoadStrategy: normal, platform: WINDOWS, platformName: WINDOWS, proxy: Proxy(), setWindowRect: true, strictFileInteractability: false, timeouts: {implicit: 0, pageLoad: 300000, script: 30000}, unhandledPromptBehavior: dismiss and notify, webauthn:extension:largeBlob: true, webauthn:virtualAuthenticators: true}
Session ID: 484dc09fb3b7ab949e9800966c11a208]]>
            </message>
            <full-stacktrace>
              <![CDATA[org.openqa.selenium.ElementNotInteractableException: element not interactable
  (Session info: chrome=90.0.4430.212)
Build info: version: '3.141.59', revision: 'e82be7d358', time: '2018-11-14T08:17:03'
System info: host: 'EPINHYDW075E', ip: '100.64.65.196', os.name: 'Windows 10', os.arch: 'amd64', os.version: '10.0', java.version: '15.0.2'
Driver info: org.openqa.selenium.chrome.ChromeDriver
Capabilities {acceptInsecureCerts: false, browserName: chrome, browserVersion: 90.0.4430.212, chrome: {chromedriverVersion: 89.0.4389.23 (61b08ee2c5002..., userDataDir: C:\Users\LEELAK~1\AppData\L...}, goog:chromeOptions: {debuggerAddress: localhost:53637}, javascriptEnabled: true, networkConnectionEnabled: false, pageLoadStrategy: normal, platform: WINDOWS, platformName: WINDOWS, proxy: Proxy(), setWindowRect: true, strictFileInteractability: false, timeouts: {implicit: 0, pageLoad: 300000, script: 30000}, unhandledPromptBehavior: dismiss and notify, webauthn:extension:largeBlob: true, webauthn:virtualAuthenticators: true}
Session ID: 484dc09fb3b7ab949e9800966c11a208
at java.base/jdk.internal.reflect.NativeConstructorAccessorImpl.newInstance0(Native Method)
at java.base/jdk.internal.reflect.NativeConstructorAccessorImpl.newInstance(NativeConstructorAccessorImpl.java:64)
at java.base/jdk.internal.reflect.DelegatingConstructorAccessorImpl.newInstance(DelegatingConstructorAccessorImpl.java:45)
at java.base/java.lang.reflect.Constructor.newInstanceWithCaller(Constructor.java:500)
at java.base/java.lang.reflect.Constructor.newInstance(Constructor.java:481)
at org.openqa.selenium.remote.http.W3CHttpResponseCodec.createException(W3CHttpResponseCodec.java:187)
at org.openqa.selenium.remote.http.W3CHttpResponseCodec.decode(W3CHttpResponseCodec.java:122)
at org.openqa.selenium.remote.http.W3CHttpResponseCodec.decode(W3CHttpResponseCodec.java:49)
at org.openqa.selenium.remote.HttpCommandExecutor.execute(HttpCommandExecutor.java:158)
at org.openqa.selenium.remote.service.DriverCommandExecutor.execute(DriverCommandExecutor.java:83)
at org.openqa.selenium.remote.RemoteWebDriver.execute(RemoteWebDriver.java:552)
at org.openqa.selenium.remote.RemoteWebElement.execute(RemoteWebElement.java:285)
at org.openqa.selenium.remote.RemoteWebElement.sendKeys(RemoteWebElement.java:106)
at jdk.internal.reflect.GeneratedMethodAccessor17.invoke(Unknown Source)
at java.base/jdk.internal.reflect.DelegatingMethodAccessorImpl.invoke(DelegatingMethodAccessorImpl.java:43)
at java.base/java.lang.reflect.Method.invoke(Method.java:564)
at org.openqa.selenium.support.pagefactory.internal.LocatingElementHandler.invoke(LocatingElementHandler.java:51)
at com.sun.proxy.$Proxy12.sendKeys(Unknown Source)
at com.epam.framework.utils.Utilities.WaitForElementToBeVisibleAndSendKeys(Utilities.java:34)
at com.epam.programsPortal.web.pages.SpeakersPage.searchSpeaker(SpeakersPage.java:59)
at com.epam.programsPortal.testScripts.web.regression.SpeakersPageTest.editSpeaker(SpeakersPageTest.java:41)
at java.base/jdk.internal.reflect.NativeMethodAccessorImpl.invoke0(Native Method)
at java.base/jdk.internal.reflect.NativeMethodAccessorImpl.invoke(NativeMethodAccessorImpl.java:64)
at java.base/jdk.internal.reflect.DelegatingMethodAccessorImpl.invoke(DelegatingMethodAccessorImpl.java:43)
at java.base/java.lang.reflect.Method.invoke(Method.java:564)
at org.testng.internal.MethodInvocationHelper.invokeMethod(MethodInvocationHelper.java:133)
at org.testng.internal.TestInvoker.invokeMethod(TestInvoker.java:598)
at org.testng.internal.TestInvoker.invokeTestMethod(TestInvoker.java:173)
at org.testng.internal.MethodRunner.runInSequence(MethodRunner.java:46)
at org.testng.internal.TestInvoker$MethodInvocationAgent.invoke(TestInvoker.java:824)
at org.testng.internal.TestInvoker.invokeTestMethods(TestInvoker.java:146)
at org.testng.internal.TestMethodWorker.invokeTestMethods(TestMethodWorker.java:146)
at org.testng.internal.TestMethodWorker.run(TestMethodWorker.java:128)
at java.base/java.util.ArrayList.forEach(ArrayList.java:1511)
at org.testng.TestRunner.privateRun(TestRunner.java:794)
at org.testng.TestRunner.run(TestRunner.java:596)
at org.testng.SuiteRunner.runTest(SuiteRunner.java:377)
at org.testng.SuiteRunner.runSequentially(SuiteRunner.java:371)
at org.testng.SuiteRunner.privateRun(SuiteRunner.java:332)
at org.testng.SuiteRunner.run(SuiteRunner.java:276)
at org.testng.SuiteRunnerWorker.runSuite(SuiteRunnerWorker.java:53)
at org.testng.SuiteRunnerWorker.run(SuiteRunnerWorker.java:96)
at org.testng.TestNG.runSuitesSequentially(TestNG.java:1212)
at org.testng.TestNG.runSuitesLocally(TestNG.java:1134)
at org.testng.TestNG.runSuites(TestNG.java:1063)
at org.testng.TestNG.run(TestNG.java:1031)
at org.apache.maven.surefire.testng.TestNGExecutor.run(TestNGExecutor.java:135)
at org.apache.maven.surefire.testng.TestNGDirectoryTestSuite.executeMulti(TestNGDirectoryTestSuite.java:193)
at org.apache.maven.surefire.testng.TestNGDirectoryTestSuite.execute(TestNGDirectoryTestSuite.java:94)
at org.apache.maven.surefire.testng.TestNGProvider.invoke(TestNGProvider.java:146)
at org.apache.maven.surefire.booter.ForkedBooter.invokeProviderInSameClassLoader(ForkedBooter.java:384)
at org.apache.maven.surefire.booter.ForkedBooter.runSuitesInProcess(ForkedBooter.java:345)
at org.apache.maven.surefire.booter.ForkedBooter.execute(ForkedBooter.java:126)
at org.apache.maven.surefire.booter.ForkedBooter.main(ForkedBooter.java:418)
]]>
            </full-stacktrace>
          </exception> <!-- org.openqa.selenium.ElementNotInteractableException -->
          <reporter-output>
          </reporter-output>
        </test-method> <!-- editSpeaker -->
      </class> <!-- com.epam.programsPortal.testScripts.web.regression.SpeakersPageTest -->
      <class name="com.epam.programsPortal.testScripts.api.APITest">
        <test-method is-config="true" signature="setUp()[pri:0, instance:com.epam.programsPortal.testScripts.api.APITest@23f7d05d]" started-at="2021-05-15T16:35:14 IST" name="setUp" finished-at="2021-05-15T16:35:17 IST" duration-ms="2874" status="PASS">
          <reporter-output>
          </reporter-output>
        </test-method> <!-- setUp -->
        <test-method signature="addCollege(java.lang.String,java.lang.String,java.lang.String,java.lang.String,java.lang.String,java.lang.String,java.lang.String)[pri:0, instance:com.epam.programsPortal.testScripts.api.APITest@23f7d05d]" started-at="2021-05-15T16:35:17 IST" name="addCollege" data-provider="addCollegeUnderApiTest" finished-at="2021-05-15T16:35:22 IST" duration-ms="4183" status="FAIL">
          <params>
            <param index="0">
              <value>
                <![CDATA[myschool]]>
              </value>
            </param>
            <param index="1">
              <value>
                <![CDATA[cse]]>
              </value>
            </param>
            <param index="2">
              <value>
                <![CDATA[hyd]]>
              </value>
            </param>
            <param index="3">
              <value>
                <![CDATA[harsh]]>
              </value>
            </param>
            <param index="4">
              <value>
                <![CDATA[tr@gmail.com]]>
              </value>
            </param>
            <param index="5">
              <value>
                <![CDATA[9912418572]]>
              </value>
            </param>
            <param index="6">
              <value>
                <![CDATA[Active]]>
              </value>
            </param>
          </params>
          <exception class="com.fasterxml.jackson.databind.exc.UnrecognizedPropertyException">
            <message>
              <![CDATA[Unrecognized field "timestamp" (class com.epam.programsPortal.api.pojos.College), not marked as ignorable (7 known properties: "ptoEmail", "collegeId", "ptoPhno", "ptoName", "collegeGroup", "collegeName", "collegeCity"])
 at [Source: (String)"{"timestamp":"2021-05-15 16:35","status":400,"error":"Bad Request","message":"Required request body is missing: public org.springframework.http.ResponseEntity<com.epam.rd.programs.model.CollegeModel> com.epam.rd.programs.controller.CollegeController.addCollege(com.epam.rd.programs.model.CollegeModel) throws com.epam.rd.programs.exceptions.InvalidDataPassedException","path":"/programs/colleges"}"; line: 1, column: 15] (through reference chain: com.epam.programsPortal.api.pojos.College["timestamp"])]]>
            </message>
            <full-stacktrace>
              <![CDATA[com.fasterxml.jackson.databind.exc.UnrecognizedPropertyException: Unrecognized field "timestamp" (class com.epam.programsPortal.api.pojos.College), not marked as ignorable (7 known properties: "ptoEmail", "collegeId", "ptoPhno", "ptoName", "collegeGroup", "collegeName", "collegeCity"])
 at [Source: (String)"{"timestamp":"2021-05-15 16:35","status":400,"error":"Bad Request","message":"Required request body is missing: public org.springframework.http.ResponseEntity<com.epam.rd.programs.model.CollegeModel> com.epam.rd.programs.controller.CollegeController.addCollege(com.epam.rd.programs.model.CollegeModel) throws com.epam.rd.programs.exceptions.InvalidDataPassedException","path":"/programs/colleges"}"; line: 1, column: 15] (through reference chain: com.epam.programsPortal.api.pojos.College["timestamp"])
at com.fasterxml.jackson.databind.exc.UnrecognizedPropertyException.from(UnrecognizedPropertyException.java:61)
at com.fasterxml.jackson.databind.DeserializationContext.handleUnknownProperty(DeserializationContext.java:823)
at com.fasterxml.jackson.databind.deser.std.StdDeserializer.handleUnknownProperty(StdDeserializer.java:1153)
at com.fasterxml.jackson.databind.deser.BeanDeserializerBase.handleUnknownProperty(BeanDeserializerBase.java:1589)
at com.fasterxml.jackson.databind.deser.BeanDeserializerBase.handleUnknownVanilla(BeanDeserializerBase.java:1567)
at com.fasterxml.jackson.databind.deser.BeanDeserializer.vanillaDeserialize(BeanDeserializer.java:294)
at com.fasterxml.jackson.databind.deser.BeanDeserializer.deserialize(BeanDeserializer.java:151)
at com.fasterxml.jackson.databind.ObjectMapper._readMapAndClose(ObjectMapper.java:4013)
at com.fasterxml.jackson.databind.ObjectMapper.readValue(ObjectMapper.java:3042)
at com.fasterxml.jackson.databind.ObjectMapper$readValue$0.call(Unknown Source)
at org.codehaus.groovy.runtime.callsite.CallSiteArray.defaultCall(CallSiteArray.java:47)
at org.codehaus.groovy.runtime.callsite.AbstractCallSite.call(AbstractCallSite.java:125)
at org.codehaus.groovy.runtime.callsite.AbstractCallSite.call(AbstractCallSite.java:148)
at io.restassured.internal.path.json.mapping.JsonPathJackson2ObjectDeserializer.deserialize(JsonPathJackson2ObjectDeserializer.groovy:46)
at io.restassured.path.json.mapping.JsonPathObjectDeserializer$deserialize.call(Unknown Source)
at org.codehaus.groovy.runtime.callsite.CallSiteArray.defaultCall(CallSiteArray.java:47)
at org.codehaus.groovy.runtime.callsite.AbstractCallSite.call(AbstractCallSite.java:125)
at org.codehaus.groovy.runtime.callsite.AbstractCallSite.call(AbstractCallSite.java:139)
at io.restassured.internal.mapping.Jackson2Mapper.deserialize(Jackson2Mapper.groovy:58)
at io.restassured.mapper.ObjectMapper$deserialize.call(Unknown Source)
at org.codehaus.groovy.runtime.callsite.CallSiteArray.defaultCall(CallSiteArray.java:47)
at org.codehaus.groovy.runtime.callsite.AbstractCallSite.call(AbstractCallSite.java:125)
at org.codehaus.groovy.runtime.callsite.AbstractCallSite.call(AbstractCallSite.java:139)
at io.restassured.internal.mapping.ObjectMapping.parseWithJackson2(ObjectMapping.groovy:238)
at io.restassured.internal.mapping.ObjectMapping$parseWithJackson2$0.callStatic(Unknown Source)
at org.codehaus.groovy.runtime.callsite.CallSiteArray.defaultCallStatic(CallSiteArray.java:55)
at org.codehaus.groovy.runtime.callsite.AbstractCallSite.callStatic(AbstractCallSite.java:217)
at org.codehaus.groovy.runtime.callsite.AbstractCallSite.callStatic(AbstractCallSite.java:240)
at io.restassured.internal.mapping.ObjectMapping.deserialize(ObjectMapping.groovy:59)
at io.restassured.internal.mapping.ObjectMapping$deserialize.call(Unknown Source)
at org.codehaus.groovy.runtime.callsite.CallSiteArray.defaultCall(CallSiteArray.java:47)
at org.codehaus.groovy.runtime.callsite.AbstractCallSite.call(AbstractCallSite.java:125)
at io.restassured.internal.RestAssuredResponseOptionsGroovyImpl.as(RestAssuredResponseOptionsGroovyImpl.groovy:231)
at io.restassured.internal.RestAssuredResponseOptionsImpl.as(RestAssuredResponseOptionsImpl.java:169)
at com.epam.programsPortal.testScripts.api.APITest.addCollege(APITest.java:34)
at java.base/jdk.internal.reflect.NativeMethodAccessorImpl.invoke0(Native Method)
at java.base/jdk.internal.reflect.NativeMethodAccessorImpl.invoke(NativeMethodAccessorImpl.java:64)
at java.base/jdk.internal.reflect.DelegatingMethodAccessorImpl.invoke(DelegatingMethodAccessorImpl.java:43)
at java.base/java.lang.reflect.Method.invoke(Method.java:564)
at org.testng.internal.MethodInvocationHelper.invokeMethod(MethodInvocationHelper.java:133)
at org.testng.internal.TestInvoker.invokeMethod(TestInvoker.java:598)
at org.testng.internal.TestInvoker.invokeTestMethod(TestInvoker.java:173)
at org.testng.internal.MethodRunner.runInSequence(MethodRunner.java:46)
at org.testng.internal.TestInvoker$MethodInvocationAgent.invoke(TestInvoker.java:824)
at org.testng.internal.TestInvoker.invokeTestMethods(TestInvoker.java:146)
at org.testng.internal.TestMethodWorker.invokeTestMethods(TestMethodWorker.java:146)
at org.testng.internal.TestMethodWorker.run(TestMethodWorker.java:128)
at java.base/java.util.ArrayList.forEach(ArrayList.java:1511)
at org.testng.TestRunner.privateRun(TestRunner.java:794)
at org.testng.TestRunner.run(TestRunner.java:596)
at org.testng.SuiteRunner.runTest(SuiteRunner.java:377)
at org.testng.SuiteRunner.runSequentially(SuiteRunner.java:371)
at org.testng.SuiteRunner.privateRun(SuiteRunner.java:332)
at org.testng.SuiteRunner.run(SuiteRunner.java:276)
at org.testng.SuiteRunnerWorker.runSuite(SuiteRunnerWorker.java:53)
at org.testng.SuiteRunnerWorker.run(SuiteRunnerWorker.java:96)
at org.testng.TestNG.runSuitesSequentially(TestNG.java:1212)
at org.testng.TestNG.runSuitesLocally(TestNG.java:1134)
at org.testng.TestNG.runSuites(TestNG.java:1063)
at org.testng.TestNG.run(TestNG.java:1031)
at org.apache.maven.surefire.testng.TestNGExecutor.run(TestNGExecutor.java:135)
at org.apache.maven.surefire.testng.TestNGDirectoryTestSuite.executeMulti(TestNGDirectoryTestSuite.java:193)
at org.apache.maven.surefire.testng.TestNGDirectoryTestSuite.execute(TestNGDirectoryTestSuite.java:94)
at org.apache.maven.surefire.testng.TestNGProvider.invoke(TestNGProvider.java:146)
at org.apache.maven.surefire.booter.ForkedBooter.invokeProviderInSameClassLoader(ForkedBooter.java:384)
at org.apache.maven.surefire.booter.ForkedBooter.runSuitesInProcess(ForkedBooter.java:345)
at org.apache.maven.surefire.booter.ForkedBooter.execute(ForkedBooter.java:126)
at org.apache.maven.surefire.booter.ForkedBooter.main(ForkedBooter.java:418)
]]>
            </full-stacktrace>
          </exception> <!-- com.fasterxml.jackson.databind.exc.UnrecognizedPropertyException -->
          <reporter-output>
          </reporter-output>
        </test-method> <!-- addCollege -->
        <test-method signature="addCollege(java.lang.String,java.lang.String,java.lang.String,java.lang.String,java.lang.String,java.lang.String,java.lang.String)[pri:0, instance:com.epam.programsPortal.testScripts.api.APITest@23f7d05d]" started-at="2021-05-15T16:35:22 IST" name="addCollege" data-provider="addCollegeUnderApiTest" finished-at="2021-05-15T16:35:22 IST" duration-ms="178" status="FAIL">
          <params>
            <param index="0">
              <value>
                <![CDATA[unity of ideas]]>
              </value>
            </param>
            <param index="1">
              <value>
                <![CDATA[cse]]>
              </value>
            </param>
            <param index="2">
              <value>
                <![CDATA[hyd]]>
              </value>
            </param>
            <param index="3">
              <value>
                <![CDATA[harsh]]>
              </value>
            </param>
            <param index="4">
              <value>
                <![CDATA[tr@gmail.com]]>
              </value>
            </param>
            <param index="5">
              <value>
                <![CDATA[9912788572]]>
              </value>
            </param>
            <param index="6">
              <value>
                <![CDATA[Active]]>
              </value>
            </param>
          </params>
          <exception class="com.fasterxml.jackson.databind.exc.UnrecognizedPropertyException">
            <message>
              <![CDATA[Unrecognized field "timestamp" (class com.epam.programsPortal.api.pojos.College), not marked as ignorable (7 known properties: "ptoEmail", "collegeId", "ptoPhno", "ptoName", "collegeGroup", "collegeName", "collegeCity"])
 at [Source: (String)"{"timestamp":"2021-05-15 16:35","status":400,"error":"Bad Request","message":"Required request body is missing: public org.springframework.http.ResponseEntity<com.epam.rd.programs.model.CollegeModel> com.epam.rd.programs.controller.CollegeController.addCollege(com.epam.rd.programs.model.CollegeModel) throws com.epam.rd.programs.exceptions.InvalidDataPassedException","path":"/programs/colleges"}"; line: 1, column: 15] (through reference chain: com.epam.programsPortal.api.pojos.College["timestamp"])]]>
            </message>
            <full-stacktrace>
              <![CDATA[com.fasterxml.jackson.databind.exc.UnrecognizedPropertyException: Unrecognized field "timestamp" (class com.epam.programsPortal.api.pojos.College), not marked as ignorable (7 known properties: "ptoEmail", "collegeId", "ptoPhno", "ptoName", "collegeGroup", "collegeName", "collegeCity"])
 at [Source: (String)"{"timestamp":"2021-05-15 16:35","status":400,"error":"Bad Request","message":"Required request body is missing: public org.springframework.http.ResponseEntity<com.epam.rd.programs.model.CollegeModel> com.epam.rd.programs.controller.CollegeController.addCollege(com.epam.rd.programs.model.CollegeModel) throws com.epam.rd.programs.exceptions.InvalidDataPassedException","path":"/programs/colleges"}"; line: 1, column: 15] (through reference chain: com.epam.programsPortal.api.pojos.College["timestamp"])
at com.fasterxml.jackson.databind.exc.UnrecognizedPropertyException.from(UnrecognizedPropertyException.java:61)
at com.fasterxml.jackson.databind.DeserializationContext.handleUnknownProperty(DeserializationContext.java:823)
at com.fasterxml.jackson.databind.deser.std.StdDeserializer.handleUnknownProperty(StdDeserializer.java:1153)
at com.fasterxml.jackson.databind.deser.BeanDeserializerBase.handleUnknownProperty(BeanDeserializerBase.java:1589)
at com.fasterxml.jackson.databind.deser.BeanDeserializerBase.handleUnknownVanilla(BeanDeserializerBase.java:1567)
at com.fasterxml.jackson.databind.deser.BeanDeserializer.vanillaDeserialize(BeanDeserializer.java:294)
at com.fasterxml.jackson.databind.deser.BeanDeserializer.deserialize(BeanDeserializer.java:151)
at com.fasterxml.jackson.databind.ObjectMapper._readMapAndClose(ObjectMapper.java:4013)
at com.fasterxml.jackson.databind.ObjectMapper.readValue(ObjectMapper.java:3042)
at com.fasterxml.jackson.databind.ObjectMapper$readValue$0.call(Unknown Source)
at io.restassured.internal.path.json.mapping.JsonPathJackson2ObjectDeserializer.deserialize(JsonPathJackson2ObjectDeserializer.groovy:46)
at io.restassured.path.json.mapping.JsonPathObjectDeserializer$deserialize.call(Unknown Source)
at io.restassured.internal.mapping.Jackson2Mapper.deserialize(Jackson2Mapper.groovy:58)
at io.restassured.mapper.ObjectMapper$deserialize.call(Unknown Source)
at io.restassured.internal.mapping.ObjectMapping.parseWithJackson2(ObjectMapping.groovy:238)
at io.restassured.internal.mapping.ObjectMapping$parseWithJackson2$0.callStatic(Unknown Source)
at io.restassured.internal.mapping.ObjectMapping.deserialize(ObjectMapping.groovy:59)
at io.restassured.internal.mapping.ObjectMapping$deserialize.call(Unknown Source)
at io.restassured.internal.RestAssuredResponseOptionsGroovyImpl.as(RestAssuredResponseOptionsGroovyImpl.groovy:231)
at io.restassured.internal.RestAssuredResponseOptionsImpl.as(RestAssuredResponseOptionsImpl.java:169)
at com.epam.programsPortal.testScripts.api.APITest.addCollege(APITest.java:34)
at java.base/jdk.internal.reflect.NativeMethodAccessorImpl.invoke0(Native Method)
at java.base/jdk.internal.reflect.NativeMethodAccessorImpl.invoke(NativeMethodAccessorImpl.java:64)
at java.base/jdk.internal.reflect.DelegatingMethodAccessorImpl.invoke(DelegatingMethodAccessorImpl.java:43)
at java.base/java.lang.reflect.Method.invoke(Method.java:564)
at org.testng.internal.MethodInvocationHelper.invokeMethod(MethodInvocationHelper.java:133)
at org.testng.internal.TestInvoker.invokeMethod(TestInvoker.java:598)
at org.testng.internal.TestInvoker.invokeTestMethod(TestInvoker.java:173)
at org.testng.internal.MethodRunner.runInSequence(MethodRunner.java:46)
at org.testng.internal.TestInvoker$MethodInvocationAgent.invoke(TestInvoker.java:824)
at org.testng.internal.TestInvoker.invokeTestMethods(TestInvoker.java:146)
at org.testng.internal.TestMethodWorker.invokeTestMethods(TestMethodWorker.java:146)
at org.testng.internal.TestMethodWorker.run(TestMethodWorker.java:128)
at java.base/java.util.ArrayList.forEach(ArrayList.java:1511)
at org.testng.TestRunner.privateRun(TestRunner.java:794)
at org.testng.TestRunner.run(TestRunner.java:596)
at org.testng.SuiteRunner.runTest(SuiteRunner.java:377)
at org.testng.SuiteRunner.runSequentially(SuiteRunner.java:371)
at org.testng.SuiteRunner.privateRun(SuiteRunner.java:332)
at org.testng.SuiteRunner.run(SuiteRunner.java:276)
at org.testng.SuiteRunnerWorker.runSuite(SuiteRunnerWorker.java:53)
at org.testng.SuiteRunnerWorker.run(SuiteRunnerWorker.java:96)
at org.testng.TestNG.runSuitesSequentially(TestNG.java:1212)
at org.testng.TestNG.runSuitesLocally(TestNG.java:1134)
at org.testng.TestNG.runSuites(TestNG.java:1063)
at org.testng.TestNG.run(TestNG.java:1031)
at org.apache.maven.surefire.testng.TestNGExecutor.run(TestNGExecutor.java:135)
at org.apache.maven.surefire.testng.TestNGDirectoryTestSuite.executeMulti(TestNGDirectoryTestSuite.java:193)
at org.apache.maven.surefire.testng.TestNGDirectoryTestSuite.execute(TestNGDirectoryTestSuite.java:94)
at org.apache.maven.surefire.testng.TestNGProvider.invoke(TestNGProvider.java:146)
at org.apache.maven.surefire.booter.ForkedBooter.invokeProviderInSameClassLoader(ForkedBooter.java:384)
at org.apache.maven.surefire.booter.ForkedBooter.runSuitesInProcess(ForkedBooter.java:345)
at org.apache.maven.surefire.booter.ForkedBooter.execute(ForkedBooter.java:126)
at org.apache.maven.surefire.booter.ForkedBooter.main(ForkedBooter.java:418)
]]>
            </full-stacktrace>
          </exception> <!-- com.fasterxml.jackson.databind.exc.UnrecognizedPropertyException -->
          <reporter-output>
          </reporter-output>
        </test-method> <!-- addCollege -->
        <test-method signature="api_demo()[pri:0, instance:com.epam.programsPortal.testScripts.api.APITest@23f7d05d]" started-at="2021-05-15T16:35:22 IST" name="api_demo" finished-at="2021-05-15T16:35:26 IST" duration-ms="4179" status="FAIL">
          <exception class="java.net.ConnectException">
            <message>
              <![CDATA[Connection refused: connect]]>
            </message>
            <full-stacktrace>
              <![CDATA[java.net.ConnectException: Connection refused: connect
at java.base/sun.nio.ch.Net.connect0(Native Method)
at java.base/sun.nio.ch.Net.connect(Net.java:574)
at java.base/sun.nio.ch.Net.connect(Net.java:563)
at java.base/sun.nio.ch.NioSocketImpl.connect(NioSocketImpl.java:588)
at java.base/java.net.SocksSocketImpl.connect(SocksSocketImpl.java:333)
at java.base/java.net.Socket.connect(Socket.java:648)
at org.apache.http.conn.scheme.PlainSocketFactory.connectSocket(PlainSocketFactory.java:121)
at org.apache.http.impl.conn.DefaultClientConnectionOperator.openConnection(DefaultClientConnectionOperator.java:180)
at org.apache.http.impl.conn.ManagedClientConnectionImpl.open(ManagedClientConnectionImpl.java:326)
at org.apache.http.impl.client.DefaultRequestDirector.tryConnect(DefaultRequestDirector.java:610)
at org.apache.http.impl.client.DefaultRequestDirector.execute(DefaultRequestDirector.java:445)
at org.apache.http.impl.client.AbstractHttpClient.doExecute(AbstractHttpClient.java:835)
at org.apache.http.impl.client.CloseableHttpClient.execute(CloseableHttpClient.java:83)
at org.apache.http.impl.client.CloseableHttpClient.execute(CloseableHttpClient.java:56)
at org.apache.http.client.HttpClient$execute$0.call(Unknown Source)
at org.codehaus.groovy.runtime.callsite.CallSiteArray.defaultCall(CallSiteArray.java:47)
at org.apache.http.client.HttpClient$execute$0.call(Unknown Source)
at io.restassured.internal.RequestSpecificationImpl$RestAssuredHttpBuilder.doRequest(RequestSpecificationImpl.groovy:2055)
at io.restassured.internal.http.HTTPBuilder.doRequest(HTTPBuilder.java:495)
at io.restassured.internal.http.HTTPBuilder.request(HTTPBuilder.java:452)
at io.restassured.internal.http.HTTPBuilder$request$3.call(Unknown Source)
at org.codehaus.groovy.runtime.callsite.CallSiteArray.defaultCall(CallSiteArray.java:47)
at org.codehaus.groovy.runtime.callsite.AbstractCallSite.call(AbstractCallSite.java:125)
at org.codehaus.groovy.runtime.callsite.AbstractCallSite.call(AbstractCallSite.java:166)
at io.restassured.internal.RequestSpecificationImpl.sendHttpRequest(RequestSpecificationImpl.groovy:1451)
at java.base/jdk.internal.reflect.NativeMethodAccessorImpl.invoke0(Native Method)
at java.base/jdk.internal.reflect.NativeMethodAccessorImpl.invoke(NativeMethodAccessorImpl.java:64)
at java.base/jdk.internal.reflect.DelegatingMethodAccessorImpl.invoke(DelegatingMethodAccessorImpl.java:43)
at java.base/java.lang.reflect.Method.invoke(Method.java:564)
at org.codehaus.groovy.reflection.CachedMethod.invoke(CachedMethod.java:107)
at groovy.lang.MetaMethod.doMethodInvoke(MetaMethod.java:323)
at groovy.lang.MetaClassImpl.invokeMethod(MetaClassImpl.java:1268)
at groovy.lang.MetaClassImpl.invokeMethod(MetaClassImpl.java:1035)
at groovy.lang.MetaClassImpl.invokeMethod(MetaClassImpl.java:819)
at groovy.lang.GroovyObject.invokeMethod(GroovyObject.java:39)
at org.codehaus.groovy.runtime.callsite.PogoInterceptableSite.call(PogoInterceptableSite.java:45)
at org.codehaus.groovy.runtime.callsite.PogoInterceptableSite.callCurrent(PogoInterceptableSite.java:55)
at org.codehaus.groovy.runtime.callsite.CallSiteArray.defaultCallCurrent(CallSiteArray.java:51)
at org.codehaus.groovy.runtime.callsite.AbstractCallSite.callCurrent(AbstractCallSite.java:171)
at io.restassured.internal.RequestSpecificationImpl.sendRequest(RequestSpecificationImpl.groovy:1200)
at java.base/jdk.internal.reflect.NativeMethodAccessorImpl.invoke0(Native Method)
at java.base/jdk.internal.reflect.NativeMethodAccessorImpl.invoke(NativeMethodAccessorImpl.java:64)
at java.base/jdk.internal.reflect.DelegatingMethodAccessorImpl.invoke(DelegatingMethodAccessorImpl.java:43)
at java.base/java.lang.reflect.Method.invoke(Method.java:564)
at org.codehaus.groovy.reflection.CachedMethod.invoke(CachedMethod.java:107)
at groovy.lang.MetaMethod.doMethodInvoke(MetaMethod.java:323)
at groovy.lang.MetaClassImpl.invokeMethod(MetaClassImpl.java:1268)
at groovy.lang.MetaClassImpl.invokeMethod(MetaClassImpl.java:1035)
at groovy.lang.MetaClassImpl.invokeMethod(MetaClassImpl.java:819)
at groovy.lang.GroovyObject.invokeMethod(GroovyObject.java:39)
at org.codehaus.groovy.runtime.callsite.PogoInterceptableSite.call(PogoInterceptableSite.java:45)
at org.codehaus.groovy.runtime.callsite.AbstractCallSite.call(AbstractCallSite.java:166)
at io.restassured.internal.filter.SendRequestFilter.filter(SendRequestFilter.groovy:30)
at io.restassured.filter.Filter$filter$0.call(Unknown Source)
at org.codehaus.groovy.runtime.callsite.CallSiteArray.defaultCall(CallSiteArray.java:47)
at io.restassured.filter.Filter$filter.call(Unknown Source)
at io.restassured.internal.filter.FilterContextImpl.next(FilterContextImpl.groovy:72)
at io.restassured.filter.time.TimingFilter.filter(TimingFilter.java:56)
at io.restassured.filter.Filter$filter.call(Unknown Source)
at org.codehaus.groovy.runtime.callsite.CallSiteArray.defaultCall(CallSiteArray.java:47)
at io.restassured.filter.Filter$filter$0.call(Unknown Source)
at io.restassured.internal.filter.FilterContextImpl.next(FilterContextImpl.groovy:72)
at io.restassured.filter.FilterContext$next.call(Unknown Source)
at io.restassured.internal.RequestSpecificationImpl.applyPathParamsAndSendRequest(RequestSpecificationImpl.groovy:1655)
at java.base/jdk.internal.reflect.NativeMethodAccessorImpl.invoke0(Native Method)
at java.base/jdk.internal.reflect.NativeMethodAccessorImpl.invoke(NativeMethodAccessorImpl.java:64)
at java.base/jdk.internal.reflect.DelegatingMethodAccessorImpl.invoke(DelegatingMethodAccessorImpl.java:43)
at java.base/java.lang.reflect.Method.invoke(Method.java:564)
at org.codehaus.groovy.reflection.CachedMethod.invoke(CachedMethod.java:107)
at groovy.lang.MetaMethod.doMethodInvoke(MetaMethod.java:323)
at groovy.lang.MetaClassImpl.invokeMethod(MetaClassImpl.java:1268)
at groovy.lang.MetaClassImpl.invokeMethod(MetaClassImpl.java:1035)
at groovy.lang.MetaClassImpl.invokeMethod(MetaClassImpl.java:819)
at groovy.lang.GroovyObject.invokeMethod(GroovyObject.java:39)
at org.codehaus.groovy.runtime.callsite.PogoInterceptableSite.call(PogoInterceptableSite.java:45)
at org.codehaus.groovy.runtime.callsite.PogoInterceptableSite.callCurrent(PogoInterceptableSite.java:55)
at org.codehaus.groovy.runtime.callsite.AbstractCallSite.callCurrent(AbstractCallSite.java:203)
at io.restassured.internal.RequestSpecificationImpl.applyPathParamsAndSendRequest(RequestSpecificationImpl.groovy:1661)
at java.base/jdk.internal.reflect.NativeMethodAccessorImpl.invoke0(Native Method)
at java.base/jdk.internal.reflect.NativeMethodAccessorImpl.invoke(NativeMethodAccessorImpl.java:64)
at java.base/jdk.internal.reflect.DelegatingMethodAccessorImpl.invoke(DelegatingMethodAccessorImpl.java:43)
at java.base/java.lang.reflect.Method.invoke(Method.java:564)
at org.codehaus.groovy.reflection.CachedMethod.invoke(CachedMethod.java:107)
at groovy.lang.MetaMethod.doMethodInvoke(MetaMethod.java:323)
at groovy.lang.MetaClassImpl.invokeMethod(MetaClassImpl.java:1268)
at groovy.lang.MetaClassImpl.invokeMethod(MetaClassImpl.java:1035)
at groovy.lang.MetaClassImpl.invokeMethod(MetaClassImpl.java:819)
at groovy.lang.GroovyObject.invokeMethod(GroovyObject.java:39)
at org.codehaus.groovy.runtime.callsite.PogoInterceptableSite.call(PogoInterceptableSite.java:45)
at org.codehaus.groovy.runtime.callsite.PogoInterceptableSite.callCurrent(PogoInterceptableSite.java:55)
at org.codehaus.groovy.runtime.callsite.CallSiteArray.defaultCallCurrent(CallSiteArray.java:51)
at org.codehaus.groovy.runtime.callsite.AbstractCallSite.callCurrent(AbstractCallSite.java:171)
at org.codehaus.groovy.runtime.callsite.AbstractCallSite.callCurrent(AbstractCallSite.java:203)
at io.restassured.internal.RequestSpecificationImpl.get(RequestSpecificationImpl.groovy:171)
at io.restassured.internal.RequestSpecificationImpl.get(RequestSpecificationImpl.groovy)
at io.restassured.RestAssured.get(RestAssured.java:720)
at com.epam.programsPortal.testScripts.api.APITest.api_demo(APITest.java:40)
at java.base/jdk.internal.reflect.NativeMethodAccessorImpl.invoke0(Native Method)
at java.base/jdk.internal.reflect.NativeMethodAccessorImpl.invoke(NativeMethodAccessorImpl.java:64)
at java.base/jdk.internal.reflect.DelegatingMethodAccessorImpl.invoke(DelegatingMethodAccessorImpl.java:43)
at java.base/java.lang.reflect.Method.invoke(Method.java:564)
at org.testng.internal.MethodInvocationHelper.invokeMethod(MethodInvocationHelper.java:133)
at org.testng.internal.TestInvoker.invokeMethod(TestInvoker.java:598)
at org.testng.internal.TestInvoker.invokeTestMethod(TestInvoker.java:173)
at org.testng.internal.MethodRunner.runInSequence(MethodRunner.java:46)
at org.testng.internal.TestInvoker$MethodInvocationAgent.invoke(TestInvoker.java:824)
at org.testng.internal.TestInvoker.invokeTestMethods(TestInvoker.java:146)
at org.testng.internal.TestMethodWorker.invokeTestMethods(TestMethodWorker.java:146)
at org.testng.internal.TestMethodWorker.run(TestMethodWorker.java:128)
at java.base/java.util.ArrayList.forEach(ArrayList.java:1511)
at org.testng.TestRunner.privateRun(TestRunner.java:794)
at org.testng.TestRunner.run(TestRunner.java:596)
at org.testng.SuiteRunner.runTest(SuiteRunner.java:377)
at org.testng.SuiteRunner.runSequentially(SuiteRunner.java:371)
at org.testng.SuiteRunner.privateRun(SuiteRunner.java:332)
at org.testng.SuiteRunner.run(SuiteRunner.java:276)
at org.testng.SuiteRunnerWorker.runSuite(SuiteRunnerWorker.java:53)
at org.testng.SuiteRunnerWorker.run(SuiteRunnerWorker.java:96)
at org.testng.TestNG.runSuitesSequentially(TestNG.java:1212)
at org.testng.TestNG.runSuitesLocally(TestNG.java:1134)
at org.testng.TestNG.runSuites(TestNG.java:1063)
at org.testng.TestNG.run(TestNG.java:1031)
at org.apache.maven.surefire.testng.TestNGExecutor.run(TestNGExecutor.java:135)
at org.apache.maven.surefire.testng.TestNGDirectoryTestSuite.executeMulti(TestNGDirectoryTestSuite.java:193)
at org.apache.maven.surefire.testng.TestNGDirectoryTestSuite.execute(TestNGDirectoryTestSuite.java:94)
at org.apache.maven.surefire.testng.TestNGProvider.invoke(TestNGProvider.java:146)
at org.apache.maven.surefire.booter.ForkedBooter.invokeProviderInSameClassLoader(ForkedBooter.java:384)
at org.apache.maven.surefire.booter.ForkedBooter.runSuitesInProcess(ForkedBooter.java:345)
at org.apache.maven.surefire.booter.ForkedBooter.execute(ForkedBooter.java:126)
at org.apache.maven.surefire.booter.ForkedBooter.main(ForkedBooter.java:418)
]]>
            </full-stacktrace>
          </exception> <!-- java.net.ConnectException -->
          <reporter-output>
          </reporter-output>
        </test-method> <!-- api_demo -->
      </class> <!-- com.epam.programsPortal.testScripts.api.APITest -->
      <class name="com.epam.programsPortal.testScripts.web.regression.SignInTest">
        <test-method is-config="true" signature="setUp()[pri:0, instance:com.epam.programsPortal.testScripts.web.regression.SignInTest@6a28ffa4]" started-at="2021-05-15T16:37:22 IST" name="setUp" finished-at="2021-05-15T16:38:03 IST" duration-ms="41220" status="PASS">
          <reporter-output>
          </reporter-output>
        </test-method> <!-- setUp -->
        <test-method signature="openSignInPageTest()[pri:1, instance:com.epam.programsPortal.testScripts.web.regression.SignInTest@6a28ffa4]" started-at="2021-05-15T16:38:03 IST" name="openSignInPageTest" finished-at="2021-05-15T16:38:03 IST" duration-ms="145" status="PASS">
          <reporter-output>
          </reporter-output>
        </test-method> <!-- openSignInPageTest -->
        <test-method signature="signInTest(java.lang.String,java.lang.String)[pri:2, instance:com.epam.programsPortal.testScripts.web.regression.SignInTest@6a28ffa4]" started-at="2021-05-15T16:38:03 IST" name="signInTest" data-provider="signInCredentials" finished-at="2021-05-15T16:38:06 IST" duration-ms="2180" status="PASS">
          <params>
            <param index="0">
              <value>
                <![CDATA[adcgefg@gmail.com]]>
              </value>
            </param>
            <param index="1">
              <value>
                <![CDATA[abcdefgas]]>
              </value>
            </param>
          </params>
          <reporter-output>
          </reporter-output>
        </test-method> <!-- signInTest -->
        <test-method signature="signInTest(java.lang.String,java.lang.String)[pri:2, instance:com.epam.programsPortal.testScripts.web.regression.SignInTest@6a28ffa4]" started-at="2021-05-15T16:38:06 IST" name="signInTest" data-provider="signInCredentials" finished-at="2021-05-15T16:38:08 IST" duration-ms="2053" status="PASS">
          <params>
            <param index="0">
              <value>
                <![CDATA[abcdefg@gmail.com]]>
              </value>
            </param>
            <param index="1">
              <value>
                <![CDATA[abcdesag]]>
              </value>
            </param>
          </params>
          <reporter-output>
          </reporter-output>
        </test-method> <!-- signInTest -->
        <test-method signature="signInTest(java.lang.String,java.lang.String)[pri:2, instance:com.epam.programsPortal.testScripts.web.regression.SignInTest@6a28ffa4]" started-at="2021-05-15T16:38:08 IST" name="signInTest" data-provider="signInCredentials" finished-at="2021-05-15T16:38:10 IST" duration-ms="1944" status="PASS">
          <params>
            <param index="0">
              <value>
                <![CDATA[afghigs@gmail.com]]>
              </value>
            </param>
            <param index="1">
              <value>
                <![CDATA[abcasafg]]>
              </value>
            </param>
          </params>
          <reporter-output>
          </reporter-output>
        </test-method> <!-- signInTest -->
        <test-method is-config="true" signature="tearDown()[pri:0, instance:com.epam.programsPortal.testScripts.web.regression.SignInTest@6a28ffa4]" started-at="2021-05-15T16:38:10 IST" name="tearDown" finished-at="2021-05-15T16:38:11 IST" duration-ms="1220" status="PASS">
          <reporter-output>
          </reporter-output>
        </test-method> <!-- tearDown -->
      </class> <!-- com.epam.programsPortal.testScripts.web.regression.SignInTest -->
      <class name="com.epam.programsPortal.testScripts.web.smoke.SignupSmokeTest">
        <test-method is-config="true" signature="setUp()[pri:0, instance:com.epam.programsPortal.testScripts.web.smoke.SignupSmokeTest@5c30a9b0]" started-at="2021-05-15T16:42:02 IST" name="setUp" finished-at="2021-05-15T16:43:09 IST" duration-ms="67263" status="PASS">
          <reporter-output>
          </reporter-output>
        </test-method> <!-- setUp -->
        <test-method signature="checkCancelLinkTextAppears()[pri:0, instance:com.epam.programsPortal.testScripts.web.smoke.SignupSmokeTest@5c30a9b0]" started-at="2021-05-15T16:43:09 IST" name="checkCancelLinkTextAppears" finished-at="2021-05-15T16:43:09 IST" duration-ms="90" status="PASS">
          <reporter-output>
          </reporter-output>
        </test-method> <!-- checkCancelLinkTextAppears -->
        <test-method signature="checkEmailFieldDisplayed()[pri:0, instance:com.epam.programsPortal.testScripts.web.smoke.SignupSmokeTest@5c30a9b0]" started-at="2021-05-15T16:43:09 IST" name="checkEmailFieldDisplayed" finished-at="2021-05-15T16:43:09 IST" duration-ms="60" status="PASS">
          <reporter-output>
          </reporter-output>
        </test-method> <!-- checkEmailFieldDisplayed -->
        <test-method signature="checkIsSignUpPageOpened()[pri:0, instance:com.epam.programsPortal.testScripts.web.smoke.SignupSmokeTest@5c30a9b0]" started-at="2021-05-15T16:43:09 IST" name="checkIsSignUpPageOpened" finished-at="2021-05-15T16:43:09 IST" duration-ms="93" status="PASS">
          <reporter-output>
          </reporter-output>
        </test-method> <!-- checkIsSignUpPageOpened -->
        <test-method signature="checkPasswordFieldDisplayed()[pri:0, instance:com.epam.programsPortal.testScripts.web.smoke.SignupSmokeTest@5c30a9b0]" started-at="2021-05-15T16:43:09 IST" name="checkPasswordFieldDisplayed" finished-at="2021-05-15T16:43:09 IST" duration-ms="32" status="PASS">
          <reporter-output>
          </reporter-output>
        </test-method> <!-- checkPasswordFieldDisplayed -->
        <test-method signature="checkSignUpButtonEnabled()[pri:0, instance:com.epam.programsPortal.testScripts.web.smoke.SignupSmokeTest@5c30a9b0]" started-at="2021-05-15T16:43:09 IST" name="checkSignUpButtonEnabled" finished-at="2021-05-15T16:43:09 IST" duration-ms="43" status="PASS">
          <reporter-output>
          </reporter-output>
        </test-method> <!-- checkSignUpButtonEnabled -->
        <test-method is-config="true" signature="tearDown()[pri:0, instance:com.epam.programsPortal.testScripts.web.smoke.SignupSmokeTest@5c30a9b0]" started-at="2021-05-15T16:43:09 IST" name="tearDown" finished-at="2021-05-15T16:43:11 IST" duration-ms="1128" status="PASS">
          <reporter-output>
          </reporter-output>
        </test-method> <!-- tearDown -->
      </class> <!-- com.epam.programsPortal.testScripts.web.smoke.SignupSmokeTest -->
      <class name="com.epam.programsPortal.testScripts.web.regression.AddCTest">
        <test-method is-config="true" signature="setUp()[pri:0, instance:com.epam.programsPortal.testScripts.web.regression.AddCTest@353d0772]" started-at="2021-05-15T16:35:26 IST" name="setUp" finished-at="2021-05-15T16:36:06 IST" duration-ms="40463" status="PASS">
          <reporter-output>
          </reporter-output>
        </test-method> <!-- setUp -->
        <test-method signature="addCollege(com.epam.programsPortal.api.pojos.College)[pri:0, instance:com.epam.programsPortal.testScripts.web.regression.AddCTest@353d0772]" started-at="2021-05-15T16:36:08 IST" name="addCollege" data-provider="AddCollegeDetailsInExcel" finished-at="2021-05-15T16:36:12 IST" duration-ms="4454" status="PASS">
          <params>
            <param index="0">
              <value>
                <![CDATA[com.epam.programsPortal.api.pojos.College@3c83e9ca]]>
              </value>
            </param>
          </params>
          <reporter-output>
          </reporter-output>
        </test-method> <!-- addCollege -->
        <test-method signature="addCollege(com.epam.programsPortal.api.pojos.College)[pri:0, instance:com.epam.programsPortal.testScripts.web.regression.AddCTest@353d0772]" started-at="2021-05-15T16:36:12 IST" name="addCollege" data-provider="AddCollegeDetailsInExcel" finished-at="2021-05-15T16:36:16 IST" duration-ms="3749" status="PASS">
          <params>
            <param index="0">
              <value>
                <![CDATA[com.epam.programsPortal.api.pojos.College@d79a69b]]>
              </value>
            </param>
          </params>
          <reporter-output>
          </reporter-output>
        </test-method> <!-- addCollege -->
        <test-method signature="addCollege(com.epam.programsPortal.api.pojos.College)[pri:0, instance:com.epam.programsPortal.testScripts.web.regression.AddCTest@353d0772]" started-at="2021-05-15T16:36:16 IST" name="addCollege" data-provider="AddCollegeDetailsInExcel" finished-at="2021-05-15T16:36:19 IST" duration-ms="2633" status="PASS">
          <params>
            <param index="0">
              <value>
                <![CDATA[com.epam.programsPortal.api.pojos.College@51158fb1]]>
              </value>
            </param>
          </params>
          <reporter-output>
          </reporter-output>
        </test-method> <!-- addCollege -->
        <test-method is-config="true" signature="tearDown()[pri:0, instance:com.epam.programsPortal.testScripts.web.regression.AddCTest@353d0772]" started-at="2021-05-15T16:36:19 IST" name="tearDown" finished-at="2021-05-15T16:36:19 IST" duration-ms="895" status="PASS">
          <reporter-output>
          </reporter-output>
        </test-method> <!-- tearDown -->
      </class> <!-- com.epam.programsPortal.testScripts.web.regression.AddCTest -->
      <class name="com.epam.programsPortal.testScripts.web.regression.SignUpTest">
        <test-method is-config="true" signature="setUp()[pri:0, instance:com.epam.programsPortal.testScripts.web.regression.SignUpTest@21de60b4]" started-at="2021-05-15T16:38:11 IST" name="setUp" finished-at="2021-05-15T16:38:49 IST" duration-ms="38159" status="PASS">
          <reporter-output>
          </reporter-output>
        </test-method> <!-- setUp -->
        <test-method signature="openSignUpPageTest()[pri:1, instance:com.epam.programsPortal.testScripts.web.regression.SignUpTest@21de60b4]" started-at="2021-05-15T16:38:49 IST" name="openSignUpPageTest" finished-at="2021-05-15T16:38:49 IST" duration-ms="147" status="PASS">
          <reporter-output>
          </reporter-output>
        </test-method> <!-- openSignUpPageTest -->
        <test-method signature="signUpTest(java.lang.String,java.lang.String)[pri:2, instance:com.epam.programsPortal.testScripts.web.regression.SignUpTest@21de60b4]" started-at="2021-05-15T16:38:49 IST" name="signUpTest" data-provider="signUpCredentials" finished-at="2021-05-15T16:38:52 IST" duration-ms="2916" status="PASS">
          <params>
            <param index="0">
              <value>
                <![CDATA[adcgefg@gmail.com]]>
              </value>
            </param>
            <param index="1">
              <value>
                <![CDATA[abcdefgas]]>
              </value>
            </param>
          </params>
          <reporter-output>
          </reporter-output>
        </test-method> <!-- signUpTest -->
        <test-method signature="signUpTest(java.lang.String,java.lang.String)[pri:2, instance:com.epam.programsPortal.testScripts.web.regression.SignUpTest@21de60b4]" started-at="2021-05-15T16:38:52 IST" name="signUpTest" data-provider="signUpCredentials" finished-at="2021-05-15T16:38:53 IST" duration-ms="1414" status="PASS">
          <params>
            <param index="0">
              <value>
                <![CDATA[abcdefg@gmail.com]]>
              </value>
            </param>
            <param index="1">
              <value>
                <![CDATA[abcdesag]]>
              </value>
            </param>
          </params>
          <reporter-output>
          </reporter-output>
        </test-method> <!-- signUpTest -->
        <test-method signature="signUpTest(java.lang.String,java.lang.String)[pri:2, instance:com.epam.programsPortal.testScripts.web.regression.SignUpTest@21de60b4]" started-at="2021-05-15T16:38:53 IST" name="signUpTest" data-provider="signUpCredentials" finished-at="2021-05-15T16:38:55 IST" duration-ms="1132" status="PASS">
          <params>
            <param index="0">
              <value>
                <![CDATA[afghigs@gmail.com]]>
              </value>
            </param>
            <param index="1">
              <value>
                <![CDATA[abcasafg]]>
              </value>
            </param>
          </params>
          <reporter-output>
          </reporter-output>
        </test-method> <!-- signUpTest -->
        <test-method is-config="true" signature="tearDown()[pri:0, instance:com.epam.programsPortal.testScripts.web.regression.SignUpTest@21de60b4]" started-at="2021-05-15T16:38:55 IST" name="tearDown" finished-at="2021-05-15T16:38:56 IST" duration-ms="1240" status="PASS">
          <reporter-output>
          </reporter-output>
        </test-method> <!-- tearDown -->
      </class> <!-- com.epam.programsPortal.testScripts.web.regression.SignUpTest -->
      <class name="com.epam.programsPortal.testScripts.web.smoke.HomePageSmokeTest">
        <test-method is-config="true" signature="setUp()[pri:0, instance:com.epam.programsPortal.testScripts.web.smoke.HomePageSmokeTest@31d7b7bf]" started-at="2021-05-15T16:39:47 IST" name="setUp" finished-at="2021-05-15T16:40:31 IST" duration-ms="44718" status="PASS">
          <reporter-output>
          </reporter-output>
        </test-method> <!-- setUp -->
        <test-method signature="checkIsHomePageOpened()[pri:0, instance:com.epam.programsPortal.testScripts.web.smoke.HomePageSmokeTest@31d7b7bf]" started-at="2021-05-15T16:40:31 IST" name="checkIsHomePageOpened" finished-at="2021-05-15T16:40:32 IST" duration-ms="688" status="PASS">
          <reporter-output>
          </reporter-output>
        </test-method> <!-- checkIsHomePageOpened -->
        <test-method signature="checkBatchSearchDropDownElementDisplayed()[pri:1, instance:com.epam.programsPortal.testScripts.web.smoke.HomePageSmokeTest@31d7b7bf]" started-at="2021-05-15T16:40:32 IST" name="checkBatchSearchDropDownElementDisplayed" finished-at="2021-05-15T16:40:32 IST" duration-ms="40" status="PASS">
          <reporter-output>
          </reporter-output>
        </test-method> <!-- checkBatchSearchDropDownElementDisplayed -->
        <test-method signature="checkProfiledropDownElementDisplayed()[pri:1, instance:com.epam.programsPortal.testScripts.web.smoke.HomePageSmokeTest@31d7b7bf]" started-at="2021-05-15T16:40:32 IST" name="checkProfiledropDownElementDisplayed" finished-at="2021-05-15T16:40:32 IST" duration-ms="64" status="PASS">
          <reporter-output>
          </reporter-output>
        </test-method> <!-- checkProfiledropDownElementDisplayed -->
        <test-method is-config="true" signature="tearDown()[pri:0, instance:com.epam.programsPortal.testScripts.web.smoke.HomePageSmokeTest@31d7b7bf]" started-at="2021-05-15T16:40:32 IST" name="tearDown" finished-at="2021-05-15T16:40:33 IST" duration-ms="986" status="PASS">
          <reporter-output>
          </reporter-output>
        </test-method> <!-- tearDown -->
      </class> <!-- com.epam.programsPortal.testScripts.web.smoke.HomePageSmokeTest -->
      <class name="com.epam.programsPortal.testScripts.web.regression.CollegesPageTest">
        <test-method is-config="true" signature="setUp()[pri:0, instance:com.epam.programsPortal.testScripts.web.regression.CollegesPageTest@9225652]" started-at="2021-05-15T16:36:19 IST" name="setUp" finished-at="2021-05-15T16:36:49 IST" duration-ms="29908" status="PASS">
          <reporter-output>
          </reporter-output>
        </test-method> <!-- setUp -->
        <test-method signature="openCollegesPageTest()[pri:1, instance:com.epam.programsPortal.testScripts.web.regression.CollegesPageTest@9225652]" started-at="2021-05-15T16:36:49 IST" name="openCollegesPageTest" finished-at="2021-05-15T16:36:51 IST" duration-ms="2132" status="PASS">
          <reporter-output>
          </reporter-output>
        </test-method> <!-- openCollegesPageTest -->
        <test-method signature="openAddCollegePageTest()[pri:2, instance:com.epam.programsPortal.testScripts.web.regression.CollegesPageTest@9225652]" started-at="2021-05-15T16:36:51 IST" name="openAddCollegePageTest" finished-at="2021-05-15T16:36:52 IST" duration-ms="428" status="FAIL">
          <exception class="org.openqa.selenium.ElementNotInteractableException">
            <message>
              <![CDATA[element not interactable
  (Session info: chrome=90.0.4430.212)
Build info: version: '3.141.59', revision: 'e82be7d358', time: '2018-11-14T08:17:03'
System info: host: 'EPINHYDW075E', ip: '100.64.65.196', os.name: 'Windows 10', os.arch: 'amd64', os.version: '10.0', java.version: '15.0.2'
Driver info: org.openqa.selenium.chrome.ChromeDriver
Capabilities {acceptInsecureCerts: false, browserName: chrome, browserVersion: 90.0.4430.212, chrome: {chromedriverVersion: 89.0.4389.23 (61b08ee2c5002..., userDataDir: C:\Users\LEELAK~1\AppData\L...}, goog:chromeOptions: {debuggerAddress: localhost:53397}, javascriptEnabled: true, networkConnectionEnabled: false, pageLoadStrategy: normal, platform: WINDOWS, platformName: WINDOWS, proxy: Proxy(), setWindowRect: true, strictFileInteractability: false, timeouts: {implicit: 0, pageLoad: 300000, script: 30000}, unhandledPromptBehavior: dismiss and notify, webauthn:extension:largeBlob: true, webauthn:virtualAuthenticators: true}
Session ID: 91d32f7df061055baefe58193324b0f6]]>
            </message>
            <full-stacktrace>
              <![CDATA[org.openqa.selenium.ElementNotInteractableException: element not interactable
  (Session info: chrome=90.0.4430.212)
Build info: version: '3.141.59', revision: 'e82be7d358', time: '2018-11-14T08:17:03'
System info: host: 'EPINHYDW075E', ip: '100.64.65.196', os.name: 'Windows 10', os.arch: 'amd64', os.version: '10.0', java.version: '15.0.2'
Driver info: org.openqa.selenium.chrome.ChromeDriver
Capabilities {acceptInsecureCerts: false, browserName: chrome, browserVersion: 90.0.4430.212, chrome: {chromedriverVersion: 89.0.4389.23 (61b08ee2c5002..., userDataDir: C:\Users\LEELAK~1\AppData\L...}, goog:chromeOptions: {debuggerAddress: localhost:53397}, javascriptEnabled: true, networkConnectionEnabled: false, pageLoadStrategy: normal, platform: WINDOWS, platformName: WINDOWS, proxy: Proxy(), setWindowRect: true, strictFileInteractability: false, timeouts: {implicit: 0, pageLoad: 300000, script: 30000}, unhandledPromptBehavior: dismiss and notify, webauthn:extension:largeBlob: true, webauthn:virtualAuthenticators: true}
Session ID: 91d32f7df061055baefe58193324b0f6
at java.base/jdk.internal.reflect.NativeConstructorAccessorImpl.newInstance0(Native Method)
at java.base/jdk.internal.reflect.NativeConstructorAccessorImpl.newInstance(NativeConstructorAccessorImpl.java:64)
at java.base/jdk.internal.reflect.DelegatingConstructorAccessorImpl.newInstance(DelegatingConstructorAccessorImpl.java:45)
at java.base/java.lang.reflect.Constructor.newInstanceWithCaller(Constructor.java:500)
at java.base/java.lang.reflect.Constructor.newInstance(Constructor.java:481)
at org.openqa.selenium.remote.http.W3CHttpResponseCodec.createException(W3CHttpResponseCodec.java:187)
at org.openqa.selenium.remote.http.W3CHttpResponseCodec.decode(W3CHttpResponseCodec.java:122)
at org.openqa.selenium.remote.http.W3CHttpResponseCodec.decode(W3CHttpResponseCodec.java:49)
at org.openqa.selenium.remote.HttpCommandExecutor.execute(HttpCommandExecutor.java:158)
at org.openqa.selenium.remote.service.DriverCommandExecutor.execute(DriverCommandExecutor.java:83)
at org.openqa.selenium.remote.RemoteWebDriver.execute(RemoteWebDriver.java:552)
at org.openqa.selenium.remote.RemoteWebElement.execute(RemoteWebElement.java:285)
at org.openqa.selenium.remote.RemoteWebElement.click(RemoteWebElement.java:84)
at java.base/jdk.internal.reflect.NativeMethodAccessorImpl.invoke0(Native Method)
at java.base/jdk.internal.reflect.NativeMethodAccessorImpl.invoke(NativeMethodAccessorImpl.java:64)
at java.base/jdk.internal.reflect.DelegatingMethodAccessorImpl.invoke(DelegatingMethodAccessorImpl.java:43)
at java.base/java.lang.reflect.Method.invoke(Method.java:564)
at org.openqa.selenium.support.pagefactory.internal.LocatingElementHandler.invoke(LocatingElementHandler.java:51)
at com.sun.proxy.$Proxy12.click(Unknown Source)
at com.epam.framework.utils.Utilities.waitForElementToBeVisibleAndClick(Utilities.java:38)
at com.epam.programsPortal.web.pages.HomePage.openCollegesPage(HomePage.java:60)
at com.epam.programsPortal.testScripts.web.regression.CollegesPageTest.openAddCollegePageTest(CollegesPageTest.java:33)
at java.base/jdk.internal.reflect.NativeMethodAccessorImpl.invoke0(Native Method)
at java.base/jdk.internal.reflect.NativeMethodAccessorImpl.invoke(NativeMethodAccessorImpl.java:64)
at java.base/jdk.internal.reflect.DelegatingMethodAccessorImpl.invoke(DelegatingMethodAccessorImpl.java:43)
at java.base/java.lang.reflect.Method.invoke(Method.java:564)
at org.testng.internal.MethodInvocationHelper.invokeMethod(MethodInvocationHelper.java:133)
at org.testng.internal.TestInvoker.invokeMethod(TestInvoker.java:598)
at org.testng.internal.TestInvoker.invokeTestMethod(TestInvoker.java:173)
at org.testng.internal.MethodRunner.runInSequence(MethodRunner.java:46)
at org.testng.internal.TestInvoker$MethodInvocationAgent.invoke(TestInvoker.java:824)
at org.testng.internal.TestInvoker.invokeTestMethods(TestInvoker.java:146)
at org.testng.internal.TestMethodWorker.invokeTestMethods(TestMethodWorker.java:146)
at org.testng.internal.TestMethodWorker.run(TestMethodWorker.java:128)
at java.base/java.util.ArrayList.forEach(ArrayList.java:1511)
at org.testng.TestRunner.privateRun(TestRunner.java:794)
at org.testng.TestRunner.run(TestRunner.java:596)
at org.testng.SuiteRunner.runTest(SuiteRunner.java:377)
at org.testng.SuiteRunner.runSequentially(SuiteRunner.java:371)
at org.testng.SuiteRunner.privateRun(SuiteRunner.java:332)
at org.testng.SuiteRunner.run(SuiteRunner.java:276)
at org.testng.SuiteRunnerWorker.runSuite(SuiteRunnerWorker.java:53)
at org.testng.SuiteRunnerWorker.run(SuiteRunnerWorker.java:96)
at org.testng.TestNG.runSuitesSequentially(TestNG.java:1212)
at org.testng.TestNG.runSuitesLocally(TestNG.java:1134)
at org.testng.TestNG.runSuites(TestNG.java:1063)
at org.testng.TestNG.run(TestNG.java:1031)
at org.apache.maven.surefire.testng.TestNGExecutor.run(TestNGExecutor.java:135)
at org.apache.maven.surefire.testng.TestNGDirectoryTestSuite.executeMulti(TestNGDirectoryTestSuite.java:193)
at org.apache.maven.surefire.testng.TestNGDirectoryTestSuite.execute(TestNGDirectoryTestSuite.java:94)
at org.apache.maven.surefire.testng.TestNGProvider.invoke(TestNGProvider.java:146)
at org.apache.maven.surefire.booter.ForkedBooter.invokeProviderInSameClassLoader(ForkedBooter.java:384)
at org.apache.maven.surefire.booter.ForkedBooter.runSuitesInProcess(ForkedBooter.java:345)
at org.apache.maven.surefire.booter.ForkedBooter.execute(ForkedBooter.java:126)
at org.apache.maven.surefire.booter.ForkedBooter.main(ForkedBooter.java:418)
]]>
            </full-stacktrace>
          </exception> <!-- org.openqa.selenium.ElementNotInteractableException -->
          <reporter-output>
          </reporter-output>
        </test-method> <!-- openAddCollegePageTest -->
        <test-method is-config="true" signature="tearDown()[pri:0, instance:com.epam.programsPortal.testScripts.web.regression.CollegesPageTest@9225652]" started-at="2021-05-15T16:36:52 IST" name="tearDown" finished-at="2021-05-15T16:36:53 IST" duration-ms="1114" status="PASS">
          <reporter-output>
          </reporter-output>
        </test-method> <!-- tearDown -->
      </class> <!-- com.epam.programsPortal.testScripts.web.regression.CollegesPageTest -->
      <class name="com.epam.programsPortal.testScripts.web.smoke.SignInSmokeTest">
        <test-method is-config="true" signature="setUp()[pri:0, instance:com.epam.programsPortal.testScripts.web.smoke.SignInSmokeTest@635eaaf1]" started-at="2021-05-15T16:40:33 IST" name="setUp" finished-at="2021-05-15T16:42:01 IST" duration-ms="87662" status="PASS">
          <reporter-output>
          </reporter-output>
        </test-method> <!-- setUp -->
        <test-method signature="checkEmailFieldDisplayed()[pri:0, instance:com.epam.programsPortal.testScripts.web.smoke.SignInSmokeTest@635eaaf1]" started-at="2021-05-15T16:42:01 IST" name="checkEmailFieldDisplayed" finished-at="2021-05-15T16:42:01 IST" duration-ms="48" status="PASS">
          <reporter-output>
          </reporter-output>
        </test-method> <!-- checkEmailFieldDisplayed -->
        <test-method signature="checkIsSignInPageOpened()[pri:0, instance:com.epam.programsPortal.testScripts.web.smoke.SignInSmokeTest@635eaaf1]" started-at="2021-05-15T16:42:01 IST" name="checkIsSignInPageOpened" finished-at="2021-05-15T16:42:01 IST" duration-ms="48" status="PASS">
          <reporter-output>
          </reporter-output>
        </test-method> <!-- checkIsSignInPageOpened -->
        <test-method signature="checkPasswordFieldDisplayed()[pri:0, instance:com.epam.programsPortal.testScripts.web.smoke.SignInSmokeTest@635eaaf1]" started-at="2021-05-15T16:42:01 IST" name="checkPasswordFieldDisplayed" finished-at="2021-05-15T16:42:01 IST" duration-ms="32" status="PASS">
          <reporter-output>
          </reporter-output>
        </test-method> <!-- checkPasswordFieldDisplayed -->
        <test-method signature="checkSignInButtonEnabled()[pri:0, instance:com.epam.programsPortal.testScripts.web.smoke.SignInSmokeTest@635eaaf1]" started-at="2021-05-15T16:42:01 IST" name="checkSignInButtonEnabled" finished-at="2021-05-15T16:42:01 IST" duration-ms="24" status="PASS">
          <reporter-output>
          </reporter-output>
        </test-method> <!-- checkSignInButtonEnabled -->
        <test-method signature="chekSignUpLinkTextDisplayed()[pri:0, instance:com.epam.programsPortal.testScripts.web.smoke.SignInSmokeTest@635eaaf1]" started-at="2021-05-15T16:42:01 IST" name="chekSignUpLinkTextDisplayed" finished-at="2021-05-15T16:42:01 IST" duration-ms="32" status="PASS">
          <reporter-output>
          </reporter-output>
        </test-method> <!-- chekSignUpLinkTextDisplayed -->
        <test-method is-config="true" signature="tearDown()[pri:0, instance:com.epam.programsPortal.testScripts.web.smoke.SignInSmokeTest@635eaaf1]" started-at="2021-05-15T16:42:01 IST" name="tearDown" finished-at="2021-05-15T16:42:02 IST" duration-ms="899" status="PASS">
          <reporter-output>
          </reporter-output>
        </test-method> <!-- tearDown -->
      </class> <!-- com.epam.programsPortal.testScripts.web.smoke.SignInSmokeTest -->
      <class name="com.epam.programsPortal.testScripts.web.regression.HomePageTest">
        <test-method is-config="true" signature="setUp()[pri:0, instance:com.epam.programsPortal.testScripts.web.regression.HomePageTest@9353778]" started-at="2021-05-15T16:36:53 IST" name="setUp" finished-at="2021-05-15T16:37:18 IST" duration-ms="25227" status="PASS">
          <reporter-output>
          </reporter-output>
        </test-method> <!-- setUp -->
        <test-method signature="checkIsHomePageOpened()[pri:0, instance:com.epam.programsPortal.testScripts.web.regression.HomePageTest@9353778]" started-at="2021-05-15T16:37:18 IST" name="checkIsHomePageOpened" finished-at="2021-05-15T16:37:19 IST" duration-ms="690" status="PASS">
          <reporter-output>
          </reporter-output>
        </test-method> <!-- checkIsHomePageOpened -->
        <test-method signature="openburgerMenuTest()[pri:1, instance:com.epam.programsPortal.testScripts.web.regression.HomePageTest@9353778]" started-at="2021-05-15T16:37:19 IST" name="openburgerMenuTest" finished-at="2021-05-15T16:37:20 IST" duration-ms="740" status="PASS">
          <reporter-output>
          </reporter-output>
        </test-method> <!-- openburgerMenuTest -->
        <test-method signature="openMasterDataManagementTest()[pri:2, instance:com.epam.programsPortal.testScripts.web.regression.HomePageTest@9353778]" started-at="2021-05-15T16:37:20 IST" name="openMasterDataManagementTest" finished-at="2021-05-15T16:37:21 IST" duration-ms="905" status="PASS">
          <reporter-output>
          </reporter-output>
        </test-method> <!-- openMasterDataManagementTest -->
        <test-method is-config="true" signature="tearDown()[pri:0, instance:com.epam.programsPortal.testScripts.web.regression.HomePageTest@9353778]" started-at="2021-05-15T16:37:21 IST" name="tearDown" finished-at="2021-05-15T16:37:22 IST" duration-ms="1418" status="PASS">
          <reporter-output>
          </reporter-output>
        </test-method> <!-- tearDown -->
      </class> <!-- com.epam.programsPortal.testScripts.web.regression.HomePageTest -->
    </test> <!-- Surefire test -->
  </suite> <!-- Surefire suite -->
</testng-results>
